  EventLoop.cpp
  GameMain.cpp
  GLM: GLM_MESSAGES is deprecated, use GLM_FORCE_MESSAGES instead
  GLM: Windows platform detected
  GLM: version 0.9.8.3
  GLM: Visual C++ compiler detected
  GLM: 64 bits model
  GLM: SSE2 instruction set
  GLM: C++0x
  GLM: Language extensions enabled
  GLM: GLM_SWIZZLE is deprecated, use GLM_FORCE_SWIZZLE instead
  GLM: Swizzling operators enabled
f:\vs_workspace\game_development_workspace\game_1\twitch\sources\glm\detail\setup.hpp(628): fatal error C1189: #error:  Define GLM_FORCE_DEPTH_ZERO_TO_ONE instead of GLM_DEPTH_ZERO_TO_ONE to use 0 to 1 clip space.
  Camera2.cpp
F:\vs_workspace\game_development_workspace\game_1\twitch\sources\../Engine/Graphics/GUI/EventManager.hpp(6): fatal error C1083: Cannot open include file: 'btBulletDynamicsCommon.h': No such file or directory
  GraphicsManager.cpp
  GLM: GLM_MESSAGES is deprecated, use GLM_FORCE_MESSAGES instead
  GLM: Windows platform detected
  GLM: version 0.9.8.3
  GLM: Visual C++ compiler detected
  GLM: 64 bits model
  GLM: SSE2 instruction set
  GLM: C++0x
  GLM: Language extensions enabled
  GLM: GLM_SWIZZLE is deprecated, use GLM_FORCE_SWIZZLE instead
  GLM: Swizzling operators enabled
f:\vs_workspace\game_development_workspace\game_1\twitch\sources\glm\detail\setup.hpp(628): fatal error C1189: #error:  Define GLM_FORCE_DEPTH_ZERO_TO_ONE instead of GLM_DEPTH_ZERO_TO_ONE to use 0 to 1 clip space.
  EventManager.cpp
f:\vs_workspace\game_development_workspace\game_1 - backup_threaded\twitch\engine\graphics\gui\../../physics/BulletPhysicsManager.h(4): fatal error C1083: Cannot open include file: 'btBulletDynamicsCommon.h': No such file or directory
  GuiManager.cpp
  GLM: GLM_MESSAGES is deprecated, use GLM_FORCE_MESSAGES instead
  GLM: Windows platform detected
  GLM: version 0.9.8.3
  GLM: Visual C++ compiler detected
  GLM: 64 bits model
  GLM: SSE2 instruction set
  GLM: C++0x
  GLM: Language extensions enabled
  GLM: GLM_SWIZZLE is deprecated, use GLM_FORCE_SWIZZLE instead
  GLM: Swizzling operators enabled
f:\vs_workspace\game_development_workspace\game_1\twitch\sources\glm\detail\setup.hpp(628): fatal error C1189: #error:  Define GLM_FORCE_DEPTH_ZERO_TO_ONE instead of GLM_DEPTH_ZERO_TO_ONE to use 0 to 1 clip space.
  Primates.cpp
  GLM: GLM_MESSAGES is deprecated, use GLM_FORCE_MESSAGES instead
  GLM: Windows platform detected
  GLM: version 0.9.8.3
  GLM: Visual C++ compiler detected
  GLM: 64 bits model
  GLM: SSE2 instruction set
  GLM: C++0x
  GLM: Language extensions enabled
  GLM: GLM_SWIZZLE is deprecated, use GLM_FORCE_SWIZZLE instead
  GLM: Swizzling operators enabled
f:\vs_workspace\game_development_workspace\game_1\twitch\sources\glm\detail\setup.hpp(628): fatal error C1189: #error:  Define GLM_FORCE_DEPTH_ZERO_TO_ONE instead of GLM_DEPTH_ZERO_TO_ONE to use 0 to 1 clip space.
  GameScreen.cpp
  GLM: GLM_MESSAGES is deprecated, use GLM_FORCE_MESSAGES instead
  GLM: Windows platform detected
  GLM: version 0.9.8.3
  GLM: Visual C++ compiler detected
  GLM: 64 bits model
  GLM: SSE2 instruction set
  GLM: C++0x
  GLM: Language extensions enabled
  GLM: GLM_SWIZZLE is deprecated, use GLM_FORCE_SWIZZLE instead
  GLM: Swizzling operators enabled
f:\vs_workspace\game_development_workspace\game_1\twitch\sources\glm\detail\setup.hpp(628): fatal error C1189: #error:  Define GLM_FORCE_DEPTH_ZERO_TO_ONE instead of GLM_DEPTH_ZERO_TO_ONE to use 0 to 1 clip space.
  IntroScreen.cpp
  GLM: GLM_MESSAGES is deprecated, use GLM_FORCE_MESSAGES instead
  GLM: Windows platform detected
  GLM: version 0.9.8.3
  GLM: Visual C++ compiler detected
  GLM: 64 bits model
  GLM: SSE2 instruction set
  GLM: C++0x
  GLM: Language extensions enabled
  GLM: GLM_SWIZZLE is deprecated, use GLM_FORCE_SWIZZLE instead
  GLM: Swizzling operators enabled
f:\vs_workspace\game_development_workspace\game_1\twitch\sources\glm\detail\setup.hpp(628): fatal error C1189: #error:  Define GLM_FORCE_DEPTH_ZERO_TO_ONE instead of GLM_DEPTH_ZERO_TO_ONE to use 0 to 1 clip space.
  Object3D.cpp
  GLM: GLM_MESSAGES is deprecated, use GLM_FORCE_MESSAGES instead
  GLM: Windows platform detected
  GLM: version 0.9.8.3
  GLM: Visual C++ compiler detected
  GLM: 64 bits model
  GLM: SSE2 instruction set
  GLM: C++0x
  GLM: Language extensions enabled
  GLM: GLM_SWIZZLE is deprecated, use GLM_FORCE_SWIZZLE instead
  GLM: Swizzling operators enabled
f:\vs_workspace\game_development_workspace\game_1\twitch\sources\glm\detail\setup.hpp(628): fatal error C1189: #error:  Define GLM_FORCE_DEPTH_ZERO_TO_ONE instead of GLM_DEPTH_ZERO_TO_ONE to use 0 to 1 clip space.
  PlainSprite.cpp
  GLM: GLM_MESSAGES is deprecated, use GLM_FORCE_MESSAGES instead
  GLM: Windows platform detected
  GLM: version 0.9.8.3
  GLM: Visual C++ compiler detected
  GLM: 64 bits model
  GLM: SSE2 instruction set
  GLM: C++0x
  GLM: Language extensions enabled
  GLM: GLM_SWIZZLE is deprecated, use GLM_FORCE_SWIZZLE instead
  GLM: Swizzling operators enabled
f:\vs_workspace\game_development_workspace\game_1\twitch\sources\glm\detail\setup.hpp(628): fatal error C1189: #error:  Define GLM_FORCE_DEPTH_ZERO_TO_ONE instead of GLM_DEPTH_ZERO_TO_ONE to use 0 to 1 clip space.
  Primitives.cpp
F:\vs_workspace\game_development_workspace\game_1\twitch\sources\../Engine/Graphics/GUI/EventManager.hpp(6): fatal error C1083: Cannot open include file: 'btBulletDynamicsCommon.h': No such file or directory
  SpriteBatch.cpp
  GLM: GLM_MESSAGES is deprecated, use GLM_FORCE_MESSAGES instead
  GLM: Windows platform detected
  GLM: version 0.9.8.3
  GLM: Visual C++ compiler detected
  GLM: 64 bits model
  GLM: SSE2 instruction set
  GLM: C++0x
  GLM: Language extensions enabled
  GLM: GLM_SWIZZLE is deprecated, use GLM_FORCE_SWIZZLE instead
  GLM: Swizzling operators enabled
f:\vs_workspace\game_development_workspace\game_1\twitch\sources\glm\detail\setup.hpp(628): fatal error C1189: #error:  Define GLM_FORCE_DEPTH_ZERO_TO_ONE instead of GLM_DEPTH_ZERO_TO_ONE to use 0 to 1 clip space.
  Text2D.cpp
  GLM: GLM_MESSAGES is deprecated, use GLM_FORCE_MESSAGES instead
  GLM: Windows platform detected
  GLM: version 0.9.8.3
  GLM: Visual C++ compiler detected
  GLM: 64 bits model
  GLM: SSE2 instruction set
  GLM: C++0x
  GLM: Language extensions enabled
  GLM: GLM_SWIZZLE is deprecated, use GLM_FORCE_SWIZZLE instead
  GLM: Swizzling operators enabled
f:\vs_workspace\game_development_workspace\game_1\twitch\sources\glm\detail\setup.hpp(628): fatal error C1189: #error:  Define GLM_FORCE_DEPTH_ZERO_TO_ONE instead of GLM_DEPTH_ZERO_TO_ONE to use 0 to 1 clip space.
  InputManager.cpp
  GLM: GLM_MESSAGES is deprecated, use GLM_FORCE_MESSAGES instead
  GLM: Windows platform detected
  GLM: version 0.9.8.3
  GLM: Visual C++ compiler detected
  GLM: 64 bits model
  GLM: SSE2 instruction set
  GLM: C++0x
  GLM: Language extensions enabled
  GLM: GLM_SWIZZLE is deprecated, use GLM_FORCE_SWIZZLE instead
  GLM: Swizzling operators enabled
f:\vs_workspace\game_development_workspace\game_1\twitch\sources\glm\detail\setup.hpp(628): fatal error C1189: #error:  Define GLM_FORCE_DEPTH_ZERO_TO_ONE instead of GLM_DEPTH_ZERO_TO_ONE to use 0 to 1 clip space.
  MainScreen.cpp
  GLM: GLM_MESSAGES is deprecated, use GLM_FORCE_MESSAGES instead
  GLM: Windows platform detected
  GLM: version 0.9.8.3
  GLM: Visual C++ compiler detected
  GLM: 64 bits model
  GLM: SSE2 instruction set
  GLM: C++0x
  GLM: Language extensions enabled
  GLM: GLM_SWIZZLE is deprecated, use GLM_FORCE_SWIZZLE instead
  GLM: Swizzling operators enabled
f:\vs_workspace\game_development_workspace\game_1\twitch\sources\glm\detail\setup.hpp(628): fatal error C1189: #error:  Define GLM_FORCE_DEPTH_ZERO_TO_ONE instead of GLM_DEPTH_ZERO_TO_ONE to use 0 to 1 clip space.
  BulletMoveableBody.cpp
  GLM: GLM_MESSAGES is deprecated, use GLM_FORCE_MESSAGES instead
  GLM: Windows platform detected
  GLM: version 0.9.8.3
  GLM: Visual C++ compiler detected
  GLM: 64 bits model
  GLM: SSE2 instruction set
  GLM: C++0x
  GLM: Language extensions enabled
  GLM: GLM_SWIZZLE is deprecated, use GLM_FORCE_SWIZZLE instead
  GLM: Swizzling operators enabled
f:\vs_workspace\game_development_workspace\game_1\twitch\sources\glm\detail\setup.hpp(628): fatal error C1189: #error:  Define GLM_FORCE_DEPTH_ZERO_TO_ONE instead of GLM_DEPTH_ZERO_TO_ONE to use 0 to 1 clip space.
  BulletPhysicsManager.cpp
f:\vs_workspace\game_development_workspace\game_1 - backup_threaded\twitch\engine\physics\BulletPhysicsManager.h(4): fatal error C1083: Cannot open include file: 'btBulletDynamicsCommon.h': No such file or directory
  AudioManager.cpp
  GLM: GLM_MESSAGES is deprecated, use GLM_FORCE_MESSAGES instead
  GLM: Windows platform detected
  GLM: version 0.9.8.3
  GLM: Visual C++ compiler detected
  GLM: 64 bits model
  GLM: SSE2 instruction set
  GLM: C++0x
  GLM: Language extensions enabled
  GLM: GLM_SWIZZLE is deprecated, use GLM_FORCE_SWIZZLE instead
  GLM: Swizzling operators enabled
f:\vs_workspace\game_development_workspace\game_1\twitch\sources\glm\detail\setup.hpp(628): fatal error C1189: #error:  Define GLM_FORCE_DEPTH_ZERO_TO_ONE instead of GLM_DEPTH_ZERO_TO_ONE to use 0 to 1 clip space.
  SoundQueue.cpp
f:\vs_workspace\game_development_workspace\game_1 - backup_threaded\twitch\engine\sound\Sound.hpp(3): fatal error C1083: Cannot open include file: 'al.h': No such file or directory
  Compiling...
  objloader.cpp
Engine\tools\objloader.cpp(11): fatal error C1083: Cannot open include file: 'StandardShapes.h': No such file or directory
  quaternion_utils.cpp
  Planet.cpp
F:\vs_workspace\game_development_workspace\game_1\twitch\sources\../Engine/Graphics/GUI/EventManager.hpp(6): fatal error C1083: Cannot open include file: 'btBulletDynamicsCommon.h': No such file or directory
  Scheduler.cpp
  Task.cpp
OS\Task.cpp(18): warning C4244: 'argument': conversion from 'volatile double' to 'unsigned long', possible loss of data
OS\Task.cpp(18): warning C4996: '_sleep': This function or variable has been superceded by newer library or operating system functionality. Consider using Sleep instead. See online help for details.
  C:\Program Files (x86)\Windows Kits\10\Include\10.0.14393.0\ucrt\stdlib.h(1271): note: see declaration of '_sleep'
  StandardShapes.cpp
f:\vs_workspace\game_development_workspace\game_1 - backup_threaded\twitch\sources\asimp\include\StandardShapes.h(47): fatal error C1083: Cannot open include file: 'assimp/scene.h': No such file or directory
  b3DynamicBvh.cpp
f:\vs_workspace\game_development_workspace\game_1 - backup_threaded\twitch\sources\bulletphysics\bullet3collision\broadphasecollision\b3DynamicBvh.h(20): fatal error C1083: Cannot open include file: 'Bullet3Common/b3AlignedObjectArray.h': No such file or directory
  b3DynamicBvhBroadphase.cpp
f:\vs_workspace\game_development_workspace\game_1 - backup_threaded\twitch\sources\bulletphysics\bullet3collision\broadphasecollision\b3DynamicBvhBroadphase.h(20): fatal error C1083: Cannot open include file: 'Bullet3Collision/BroadPhaseCollision/b3DynamicBvh.h': No such file or directory
  b3OverlappingPairCache.cpp
f:\vs_workspace\game_development_workspace\game_1 - backup_threaded\twitch\sources\bulletphysics\bullet3collision\broadphasecollision\b3OverlappingPairCache.h(19): fatal error C1083: Cannot open include file: 'Bullet3Common/shared/b3Int2.h': No such file or directory
  b3ConvexUtility.cpp
f:\vs_workspace\game_development_workspace\game_1 - backup_threaded\twitch\sources\bulletphysics\bullet3collision\narrowphasecollision\b3ConvexUtility.h(20): fatal error C1083: Cannot open include file: 'Bullet3Common/b3AlignedObjectArray.h': No such file or directory
  b3CpuNarrowPhase.cpp
f:\vs_workspace\game_development_workspace\game_1 - backup_threaded\twitch\sources\bulletphysics\bullet3collision\narrowphasecollision\b3CpuNarrowPhase.h(4): fatal error C1083: Cannot open include file: 'Bullet3Collision/NarrowPhaseCollision/shared/b3Collidable.h': No such file or directory
  b3AlignedAllocator.cpp
  b3Logging.cpp
  b3Vector3.cpp
sources\BulletPhysics\Bullet3Common\b3Vector3.cpp(170): warning C4267: '=': conversion from 'size_t' to 'long', possible loss of data
sources\BulletPhysics\Bullet3Common\b3Vector3.cpp(175): warning C4267: '-=': conversion from 'size_t' to 'unsigned long', possible loss of data
sources\BulletPhysics\Bullet3Common\b3Vector3.cpp(418): warning C4267: '=': conversion from 'size_t' to 'long', possible loss of data
sources\BulletPhysics\Bullet3Common\b3Vector3.cpp(556): warning C4267: '=': conversion from 'size_t' to 'long', possible loss of data
sources\BulletPhysics\Bullet3Common\b3Vector3.cpp(561): warning C4267: '-=': conversion from 'size_t' to 'unsigned long', possible loss of data
sources\BulletPhysics\Bullet3Common\b3Vector3.cpp(807): warning C4267: '=': conversion from 'size_t' to 'long', possible loss of data
  b3CpuRigidBodyPipeline.cpp
f:\vs_workspace\game_development_workspace\game_1 - backup_threaded\twitch\sources\bulletphysics\bullet3dynamics\b3CpuRigidBodyPipeline.h(21): fatal error C1083: Cannot open include file: 'Bullet3Common/b3AlignedObjectArray.h': No such file or directory
  b3FixedConstraint.cpp
f:\vs_workspace\game_development_workspace\game_1 - backup_threaded\twitch\sources\bulletphysics\bullet3dynamics\constraintsolver\b3TypedConstraint.h(20): fatal error C1083: Cannot open include file: 'Bullet3Common/b3Scalar.h': No such file or directory
  b3Generic6DofConstraint.cpp
f:\vs_workspace\game_development_workspace\game_1 - backup_threaded\twitch\sources\bulletphysics\bullet3dynamics\constraintsolver\b3Generic6DofConstraint.h(30): fatal error C1083: Cannot open include file: 'Bullet3Common/b3Vector3.h': No such file or directory
  b3PgsJacobiSolver.cpp
f:\vs_workspace\game_development_workspace\game_1 - backup_threaded\twitch\sources\bulletphysics\bullet3dynamics\constraintsolver\b3TypedConstraint.h(20): fatal error C1083: Cannot open include file: 'Bullet3Common/b3Scalar.h': No such file or directory
  b3Point2PointConstraint.cpp
f:\vs_workspace\game_development_workspace\game_1 - backup_threaded\twitch\sources\bulletphysics\bullet3dynamics\constraintsolver\b3Point2PointConstraint.h(19): fatal error C1083: Cannot open include file: 'Bullet3Common/b3Vector3.h': No such file or directory
  b3TypedConstraint.cpp
f:\vs_workspace\game_development_workspace\game_1 - backup_threaded\twitch\sources\bulletphysics\bullet3dynamics\constraintsolver\b3TypedConstraint.h(20): fatal error C1083: Cannot open include file: 'Bullet3Common/b3Scalar.h': No such file or directory
  Compiling...
  b3ConvexHullComputer.cpp
f:\vs_workspace\game_development_workspace\game_1 - backup_threaded\twitch\sources\bulletphysics\bullet3geometry\b3ConvexHullComputer.h(18): fatal error C1083: Cannot open include file: 'Bullet3Common/b3Vector3.h': No such file or directory
  b3GeometryUtil.cpp
f:\vs_workspace\game_development_workspace\game_1 - backup_threaded\twitch\sources\bulletphysics\bullet3geometry\b3GeometryUtil.h(19): fatal error C1083: Cannot open include file: 'Bullet3Common/b3Vector3.h': No such file or directory
  b3GpuGridBroadphase.cpp
f:\vs_workspace\game_development_workspace\game_1 - backup_threaded\twitch\sources\bulletphysics\bullet3opencl\broadphasecollision\b3GpuBroadphaseInterface.h(5): fatal error C1083: Cannot open include file: 'Bullet3OpenCL/Initialize/b3OpenCLInclude.h': No such file or directory
  b3GpuParallelLinearBvh.cpp
sources\BulletPhysics\Bullet3OpenCL\BroadphaseCollision\b3GpuParallelLinearBvh.cpp(14): fatal error C1083: Cannot open include file: 'Bullet3OpenCL/Initialize/b3OpenCLUtils.h': No such file or directory
  b3GpuParallelLinearBvhBroadphase.cpp
f:\vs_workspace\game_development_workspace\game_1 - backup_threaded\twitch\sources\bulletphysics\bullet3opencl\broadphasecollision\b3GpuParallelLinearBvhBroadphase.h(17): fatal error C1083: Cannot open include file: 'Bullet3OpenCL/BroadphaseCollision/b3GpuBroadphaseInterface.h': No such file or directory
  b3GpuSapBroadphase.cpp
f:\vs_workspace\game_development_workspace\game_1 - backup_threaded\twitch\sources\bulletphysics\bullet3opencl\broadphasecollision\b3GpuSapBroadphase.h(4): fatal error C1083: Cannot open include file: 'Bullet3OpenCL/ParallelPrimitives/b3OpenCLArray.h': No such file or directory
  b3OpenCLUtils.cpp
sources\BulletPhysics\Bullet3OpenCL\Initialize\b3OpenCLUtils.cpp(23): fatal error C1083: Cannot open include file: 'Bullet3Common/b3Logging.h': No such file or directory
  b3ContactCache.cpp
  b3ConvexHullContact.cpp
f:\vs_workspace\game_development_workspace\game_1 - backup_threaded\twitch\sources\bulletphysics\bullet3opencl\narrowphasecollision\b3ConvexHullContact.h(5): fatal error C1083: Cannot open include file: 'Bullet3OpenCL/ParallelPrimitives/b3OpenCLArray.h': No such file or directory
  b3GjkEpa.cpp
f:\vs_workspace\game_development_workspace\game_1 - backup_threaded\twitch\sources\bulletphysics\bullet3opencl\narrowphasecollision\b3GjkEpa.h(28): fatal error C1083: Cannot open include file: 'Bullet3Common/b3AlignedObjectArray.h': No such file or directory
  b3GjkPairDetector.cpp
f:\vs_workspace\game_development_workspace\game_1 - backup_threaded\twitch\sources\bulletphysics\bullet3opencl\narrowphasecollision\b3GjkPairDetector.h(9): fatal error C1083: Cannot open include file: 'Bullet3Common/b3Vector3.h': No such file or directory
  b3OptimizedBvh.cpp
f:\vs_workspace\game_development_workspace\game_1 - backup_threaded\twitch\sources\bulletphysics\bullet3opencl\narrowphasecollision\b3QuantizedBvh.h(31): fatal error C1083: Cannot open include file: 'Bullet3Common/b3Vector3.h': No such file or directory
  b3QuantizedBvh.cpp
f:\vs_workspace\game_development_workspace\game_1 - backup_threaded\twitch\sources\bulletphysics\bullet3opencl\narrowphasecollision\b3QuantizedBvh.h(31): fatal error C1083: Cannot open include file: 'Bullet3Common/b3Vector3.h': No such file or directory
  b3StridingMeshInterface.cpp
f:\vs_workspace\game_development_workspace\game_1 - backup_threaded\twitch\sources\bulletphysics\bullet3opencl\narrowphasecollision\b3StridingMeshInterface.h(19): fatal error C1083: Cannot open include file: 'Bullet3Common/b3Vector3.h': No such file or directory
  b3TriangleCallback.cpp
f:\vs_workspace\game_development_workspace\game_1 - backup_threaded\twitch\sources\bulletphysics\bullet3opencl\narrowphasecollision\b3TriangleCallback.h(19): fatal error C1083: Cannot open include file: 'Bullet3Common/b3Vector3.h': No such file or directory
  b3TriangleIndexVertexArray.cpp
f:\vs_workspace\game_development_workspace\game_1 - backup_threaded\twitch\sources\bulletphysics\bullet3opencl\narrowphasecollision\b3StridingMeshInterface.h(19): fatal error C1083: Cannot open include file: 'Bullet3Common/b3Vector3.h': No such file or directory
  b3VoronoiSimplexSolver.cpp
f:\vs_workspace\game_development_workspace\game_1 - backup_threaded\twitch\sources\bulletphysics\bullet3opencl\narrowphasecollision\b3VoronoiSimplexSolver.h(21): fatal error C1083: Cannot open include file: 'Bullet3Common/b3Vector3.h': No such file or directory
  b3BoundSearchCL.cpp
f:\vs_workspace\game_development_workspace\game_1 - backup_threaded\twitch\sources\bulletphysics\bullet3opencl\parallelprimitives\b3OpenCLArray.h(4): fatal error C1083: Cannot open include file: 'Bullet3Common/b3AlignedObjectArray.h': No such file or directory
  b3FillCL.cpp
f:\vs_workspace\game_development_workspace\game_1 - backup_threaded\twitch\sources\bulletphysics\bullet3opencl\parallelprimitives\b3OpenCLArray.h(4): fatal error C1083: Cannot open include file: 'Bullet3Common/b3AlignedObjectArray.h': No such file or directory
  b3LauncherCL.cpp
f:\vs_workspace\game_development_workspace\game_1 - backup_threaded\twitch\sources\bulletphysics\bullet3opencl\parallelprimitives\b3OpenCLArray.h(4): fatal error C1083: Cannot open include file: 'Bullet3Common/b3AlignedObjectArray.h': No such file or directory
  Compiling...
  b3PrefixScanCL.cpp
f:\vs_workspace\game_development_workspace\game_1 - backup_threaded\twitch\sources\bulletphysics\bullet3opencl\parallelprimitives\b3OpenCLArray.h(4): fatal error C1083: Cannot open include file: 'Bullet3Common/b3AlignedObjectArray.h': No such file or directory
  b3PrefixScanFloat4CL.cpp
f:\vs_workspace\game_development_workspace\game_1 - backup_threaded\twitch\sources\bulletphysics\bullet3opencl\parallelprimitives\b3OpenCLArray.h(4): fatal error C1083: Cannot open include file: 'Bullet3Common/b3AlignedObjectArray.h': No such file or directory
  b3RadixSort32CL.cpp
f:\vs_workspace\game_development_workspace\game_1 - backup_threaded\twitch\sources\bulletphysics\bullet3opencl\parallelprimitives\b3OpenCLArray.h(4): fatal error C1083: Cannot open include file: 'Bullet3Common/b3AlignedObjectArray.h': No such file or directory
  b3GpuRaycast.cpp
f:\vs_workspace\game_development_workspace\game_1 - backup_threaded\twitch\sources\bulletphysics\bullet3opencl\raycast\b3GpuRaycast.h(4): fatal error C1083: Cannot open include file: 'Bullet3Common/b3Vector3.h': No such file or directory
  b3GpuGenericConstraint.cpp
f:\vs_workspace\game_development_workspace\game_1 - backup_threaded\twitch\sources\bulletphysics\bullet3opencl\rigidbody\b3GpuGenericConstraint.h(19): fatal error C1083: Cannot open include file: 'Bullet3Common/b3Quaternion.h': No such file or directory
  b3GpuJacobiContactSolver.cpp
f:\vs_workspace\game_development_workspace\game_1 - backup_threaded\twitch\sources\bulletphysics\bullet3opencl\rigidbody\b3GpuJacobiContactSolver.h(4): fatal error C1083: Cannot open include file: 'Bullet3OpenCL/Initialize/b3OpenCLInclude.h': No such file or directory
  b3GpuNarrowPhase.cpp
f:\vs_workspace\game_development_workspace\game_1 - backup_threaded\twitch\sources\bulletphysics\bullet3opencl\rigidbody\b3GpuNarrowPhase.h(4): fatal error C1083: Cannot open include file: 'Bullet3Collision/NarrowPhaseCollision/shared/b3Collidable.h': No such file or directory
  b3GpuPgsConstraintSolver.cpp
f:\vs_workspace\game_development_workspace\game_1 - backup_threaded\twitch\sources\bulletphysics\bullet3opencl\rigidbody\b3GpuPgsConstraintSolver.h(25): fatal error C1083: Cannot open include file: 'Bullet3Dynamics/ConstraintSolver/b3TypedConstraint.h': No such file or directory
  b3GpuPgsContactSolver.cpp
f:\vs_workspace\game_development_workspace\game_1 - backup_threaded\twitch\sources\bulletphysics\bullet3opencl\rigidbody\b3GpuPgsContactSolver.h(5): fatal error C1083: Cannot open include file: 'Bullet3OpenCL/Initialize/b3OpenCLInclude.h': No such file or directory
  b3GpuRigidBodyPipeline.cpp
f:\vs_workspace\game_development_workspace\game_1 - backup_threaded\twitch\sources\bulletphysics\bullet3opencl\rigidbody\b3GpuRigidBodyPipeline.h(19): fatal error C1083: Cannot open include file: 'Bullet3OpenCL/Initialize/b3OpenCLInclude.h': No such file or directory
  b3Solver.cpp
f:\vs_workspace\game_development_workspace\game_1 - backup_threaded\twitch\sources\bulletphysics\bullet3opencl\rigidbody\b3Solver.h(20): fatal error C1083: Cannot open include file: 'Bullet3OpenCL/ParallelPrimitives/b3OpenCLArray.h': No such file or directory
  b3BulletFile.cpp
f:\vs_workspace\game_development_workspace\game_1 - backup_threaded\twitch\sources\bulletphysics\bullet3serialize\bullet2fileloader\b3Common.h(22): fatal error C1083: Cannot open include file: 'Bullet3Common/b3AlignedObjectArray.h': No such file or directory
  b3Chunk.cpp
f:\vs_workspace\game_development_workspace\game_1 - backup_threaded\twitch\sources\bulletphysics\bullet3serialize\bullet2fileloader\b3Common.h(22): fatal error C1083: Cannot open include file: 'Bullet3Common/b3AlignedObjectArray.h': No such file or directory
  b3DNA.cpp
f:\vs_workspace\game_development_workspace\game_1 - backup_threaded\twitch\sources\bulletphysics\bullet3serialize\bullet2fileloader\b3Common.h(22): fatal error C1083: Cannot open include file: 'Bullet3Common/b3AlignedObjectArray.h': No such file or directory
  b3File.cpp
f:\vs_workspace\game_development_workspace\game_1 - backup_threaded\twitch\sources\bulletphysics\bullet3serialize\bullet2fileloader\b3Common.h(22): fatal error C1083: Cannot open include file: 'Bullet3Common/b3AlignedObjectArray.h': No such file or directory
  b3Serializer.cpp
  btAxisSweep3.cpp
f:\vs_workspace\game_development_workspace\game_1 - backup_threaded\twitch\sources\bulletphysics\bulletcollision\broadphasecollision\btAxisSweep3.h(22): fatal error C1083: Cannot open include file: 'LinearMath/btVector3.h': No such file or directory
  btBroadphaseProxy.cpp
f:\vs_workspace\game_development_workspace\game_1 - backup_threaded\twitch\sources\bulletphysics\bulletcollision\broadphasecollision\btBroadphaseProxy.h(19): fatal error C1083: Cannot open include file: 'LinearMath/btScalar.h': No such file or directory
  btCollisionAlgorithm.cpp
f:\vs_workspace\game_development_workspace\game_1 - backup_threaded\twitch\sources\bulletphysics\bulletcollision\broadphasecollision\btCollisionAlgorithm.h(19): fatal error C1083: Cannot open include file: 'LinearMath/btScalar.h': No such file or directory
  btDbvt.cpp
f:\vs_workspace\game_development_workspace\game_1 - backup_threaded\twitch\sources\bulletphysics\bulletcollision\broadphasecollision\btDbvt.h(20): fatal error C1083: Cannot open include file: 'LinearMath/btAlignedObjectArray.h': No such file or directory
  Compiling...
  btDbvtBroadphase.cpp
f:\vs_workspace\game_development_workspace\game_1 - backup_threaded\twitch\sources\bulletphysics\bulletcollision\broadphasecollision\btDbvtBroadphase.h(20): fatal error C1083: Cannot open include file: 'BulletCollision/BroadphaseCollision/btDbvt.h': No such file or directory
  btDispatcher.cpp
f:\vs_workspace\game_development_workspace\game_1 - backup_threaded\twitch\sources\bulletphysics\bulletcollision\broadphasecollision\btDispatcher.h(18): fatal error C1083: Cannot open include file: 'LinearMath/btScalar.h': No such file or directory
  btOverlappingPairCache.cpp
f:\vs_workspace\game_development_workspace\game_1 - backup_threaded\twitch\sources\bulletphysics\bulletcollision\broadphasecollision\btBroadphaseProxy.h(19): fatal error C1083: Cannot open include file: 'LinearMath/btScalar.h': No such file or directory
  btQuantizedBvh.cpp
f:\vs_workspace\game_development_workspace\game_1 - backup_threaded\twitch\sources\bulletphysics\bulletcollision\broadphasecollision\btQuantizedBvh.h(31): fatal error C1083: Cannot open include file: 'LinearMath/btVector3.h': No such file or directory
  btSimpleBroadphase.cpp
f:\vs_workspace\game_development_workspace\game_1 - backup_threaded\twitch\sources\bulletphysics\bulletcollision\broadphasecollision\btBroadphaseProxy.h(19): fatal error C1083: Cannot open include file: 'LinearMath/btScalar.h': No such file or directory
  btActivatingCollisionAlgorithm.cpp
f:\vs_workspace\game_development_workspace\game_1 - backup_threaded\twitch\sources\bulletphysics\bulletcollision\collisiondispatch\btActivatingCollisionAlgorithm.h(19): fatal error C1083: Cannot open include file: 'BulletCollision/BroadphaseCollision/btCollisionAlgorithm.h': No such file or directory
  btBox2dBox2dCollisionAlgorithm.cpp
f:\vs_workspace\game_development_workspace\game_1 - backup_threaded\twitch\sources\bulletphysics\bulletcollision\collisiondispatch\btBox2dBox2dCollisionAlgorithm.h(19): fatal error C1083: Cannot open include file: 'BulletCollision/CollisionDispatch/btActivatingCollisionAlgorithm.h': No such file or directory
  btBoxBoxCollisionAlgorithm.cpp
f:\vs_workspace\game_development_workspace\game_1 - backup_threaded\twitch\sources\bulletphysics\bulletcollision\collisiondispatch\btActivatingCollisionAlgorithm.h(19): fatal error C1083: Cannot open include file: 'BulletCollision/BroadphaseCollision/btCollisionAlgorithm.h': No such file or directory
  btBoxBoxDetector.cpp
f:\vs_workspace\game_development_workspace\game_1 - backup_threaded\twitch\sources\bulletphysics\bulletcollision\collisiondispatch\btBoxBoxDetector.h(24): fatal error C1083: Cannot open include file: 'BulletCollision/NarrowPhaseCollision/btDiscreteCollisionDetectorInterface.h': No such file or directory
  btCollisionDispatcher.cpp
f:\vs_workspace\game_development_workspace\game_1 - backup_threaded\twitch\sources\bulletphysics\bulletcollision\collisiondispatch\btCollisionDispatcher.h(19): fatal error C1083: Cannot open include file: 'BulletCollision/BroadphaseCollision/btDispatcher.h': No such file or directory
  btCollisionObject.cpp
f:\vs_workspace\game_development_workspace\game_1 - backup_threaded\twitch\sources\bulletphysics\bulletcollision\collisiondispatch\btCollisionObject.h(19): fatal error C1083: Cannot open include file: 'LinearMath/btTransform.h': No such file or directory
  btCollisionWorld.cpp
f:\vs_workspace\game_development_workspace\game_1 - backup_threaded\twitch\sources\bulletphysics\bulletcollision\collisiondispatch\btCollisionWorld.h(80): fatal error C1083: Cannot open include file: 'LinearMath/btVector3.h': No such file or directory
  btCollisionWorldImporter.cpp
f:\vs_workspace\game_development_workspace\game_1 - backup_threaded\twitch\sources\bulletphysics\bulletcollision\collisiondispatch\btCollisionWorldImporter.h(20): fatal error C1083: Cannot open include file: 'LinearMath/btTransform.h': No such file or directory
  btCompoundCollisionAlgorithm.cpp
sources\BulletPhysics\BulletCollision\CollisionDispatch\btCompoundCollisionAlgorithm.cpp(17): fatal error C1083: Cannot open include file: 'BulletCollision/CollisionDispatch/btCompoundCollisionAlgorithm.h': No such file or directory
  btCompoundCompoundCollisionAlgorithm.cpp
f:\vs_workspace\game_development_workspace\game_1 - backup_threaded\twitch\sources\bulletphysics\bulletcollision\collisiondispatch\btActivatingCollisionAlgorithm.h(19): fatal error C1083: Cannot open include file: 'BulletCollision/BroadphaseCollision/btCollisionAlgorithm.h': No such file or directory
  btConvex2dConvex2dAlgorithm.cpp
f:\vs_workspace\game_development_workspace\game_1 - backup_threaded\twitch\sources\bulletphysics\bulletcollision\collisiondispatch\btConvex2dConvex2dAlgorithm.h(19): fatal error C1083: Cannot open include file: 'BulletCollision/CollisionDispatch/btActivatingCollisionAlgorithm.h': No such file or directory
  btConvexConcaveCollisionAlgorithm.cpp
f:\vs_workspace\game_development_workspace\game_1 - backup_threaded\twitch\sources\bulletphysics\bulletcollision\collisiondispatch\btActivatingCollisionAlgorithm.h(19): fatal error C1083: Cannot open include file: 'BulletCollision/BroadphaseCollision/btCollisionAlgorithm.h': No such file or directory
  btConvexConvexAlgorithm.cpp
f:\vs_workspace\game_development_workspace\game_1 - backup_threaded\twitch\sources\bulletphysics\bulletcollision\collisiondispatch\btActivatingCollisionAlgorithm.h(19): fatal error C1083: Cannot open include file: 'BulletCollision/BroadphaseCollision/btCollisionAlgorithm.h': No such file or directory
  btConvexPlaneCollisionAlgorithm.cpp
f:\vs_workspace\game_development_workspace\game_1 - backup_threaded\twitch\sources\bulletphysics\bulletcollision\collisiondispatch\btConvexPlaneCollisionAlgorithm.h(19): fatal error C1083: Cannot open include file: 'BulletCollision/BroadphaseCollision/btCollisionAlgorithm.h': No such file or directory
  btDefaultCollisionConfiguration.cpp
sources\BulletPhysics\BulletCollision\CollisionDispatch\btDefaultCollisionConfiguration.cpp(18): fatal error C1083: Cannot open include file: 'BulletCollision/CollisionDispatch/btConvexConvexAlgorithm.h': No such file or directory
  Compiling...
  btEmptyCollisionAlgorithm.cpp
f:\vs_workspace\game_development_workspace\game_1 - backup_threaded\twitch\sources\bulletphysics\bulletcollision\collisiondispatch\btEmptyCollisionAlgorithm.h(18): fatal error C1083: Cannot open include file: 'BulletCollision/BroadphaseCollision/btCollisionAlgorithm.h': No such file or directory
  btGhostObject.cpp
f:\vs_workspace\game_development_workspace\game_1 - backup_threaded\twitch\sources\bulletphysics\bulletcollision\collisiondispatch\btCollisionObject.h(19): fatal error C1083: Cannot open include file: 'LinearMath/btTransform.h': No such file or directory
  btHashedSimplePairCache.cpp
f:\vs_workspace\game_development_workspace\game_1 - backup_threaded\twitch\sources\bulletphysics\bulletcollision\collisiondispatch\btHashedSimplePairCache.h(21): fatal error C1083: Cannot open include file: 'LinearMath/btAlignedObjectArray.h': No such file or directory
  btInternalEdgeUtility.cpp
f:\vs_workspace\game_development_workspace\game_1 - backup_threaded\twitch\sources\bulletphysics\bulletcollision\collisiondispatch\btInternalEdgeUtility.h(5): fatal error C1083: Cannot open include file: 'LinearMath/btHashMap.h': No such file or directory
  btManifoldResult.cpp
f:\vs_workspace\game_development_workspace\game_1 - backup_threaded\twitch\sources\bulletphysics\bulletcollision\collisiondispatch\btManifoldResult.h(23): fatal error C1083: Cannot open include file: 'BulletCollision/NarrowPhaseCollision/btPersistentManifold.h': No such file or directory
  btSimulationIslandManager.cpp
sources\BulletPhysics\BulletCollision\CollisionDispatch\btSimulationIslandManager.cpp(18): fatal error C1083: Cannot open include file: 'LinearMath/btScalar.h': No such file or directory
  btSphereBoxCollisionAlgorithm.cpp
f:\vs_workspace\game_development_workspace\game_1 - backup_threaded\twitch\sources\bulletphysics\bulletcollision\collisiondispatch\btActivatingCollisionAlgorithm.h(19): fatal error C1083: Cannot open include file: 'BulletCollision/BroadphaseCollision/btCollisionAlgorithm.h': No such file or directory
  btSphereSphereCollisionAlgorithm.cpp
f:\vs_workspace\game_development_workspace\game_1 - backup_threaded\twitch\sources\bulletphysics\bulletcollision\collisiondispatch\btActivatingCollisionAlgorithm.h(19): fatal error C1083: Cannot open include file: 'BulletCollision/BroadphaseCollision/btCollisionAlgorithm.h': No such file or directory
  btSphereTriangleCollisionAlgorithm.cpp
f:\vs_workspace\game_development_workspace\game_1 - backup_threaded\twitch\sources\bulletphysics\bulletcollision\collisiondispatch\btActivatingCollisionAlgorithm.h(19): fatal error C1083: Cannot open include file: 'BulletCollision/BroadphaseCollision/btCollisionAlgorithm.h': No such file or directory
  btUnionFind.cpp
f:\vs_workspace\game_development_workspace\game_1 - backup_threaded\twitch\sources\bulletphysics\bulletcollision\collisiondispatch\btUnionFind.h(19): fatal error C1083: Cannot open include file: 'LinearMath/btAlignedObjectArray.h': No such file or directory
  SphereTriangleDetector.cpp
sources\BulletPhysics\BulletCollision\CollisionDispatch\SphereTriangleDetector.cpp(16): fatal error C1083: Cannot open include file: 'LinearMath/btScalar.h': No such file or directory
  btBox2dShape.cpp
f:\vs_workspace\game_development_workspace\game_1 - backup_threaded\twitch\sources\bulletphysics\bulletcollision\collisionshapes\btBox2dShape.h(19): fatal error C1083: Cannot open include file: 'BulletCollision/CollisionShapes/btPolyhedralConvexShape.h': No such file or directory
  btBoxShape.cpp
f:\vs_workspace\game_development_workspace\game_1 - backup_threaded\twitch\sources\bulletphysics\bulletcollision\collisionshapes\btPolyhedralConvexShape.h(19): fatal error C1083: Cannot open include file: 'LinearMath/btMatrix3x3.h': No such file or directory
  btBvhTriangleMeshShape.cpp
sources\BulletPhysics\BulletCollision\CollisionShapes\btBvhTriangleMeshShape.cpp(18): fatal error C1083: Cannot open include file: 'BulletCollision/CollisionShapes/btBvhTriangleMeshShape.h': No such file or directory
  btCapsuleShape.cpp
f:\vs_workspace\game_development_workspace\game_1 - backup_threaded\twitch\sources\bulletphysics\bulletcollision\collisionshapes\btCollisionShape.h(19): fatal error C1083: Cannot open include file: 'LinearMath/btTransform.h': No such file or directory
  btCollisionShape.cpp
sources\BulletPhysics\BulletCollision\CollisionShapes\btCollisionShape.cpp(15): fatal error C1083: Cannot open include file: 'BulletCollision/CollisionShapes/btCollisionShape.h': No such file or directory
  btCompoundShape.cpp
f:\vs_workspace\game_development_workspace\game_1 - backup_threaded\twitch\sources\bulletphysics\bulletcollision\collisionshapes\btCollisionShape.h(19): fatal error C1083: Cannot open include file: 'LinearMath/btTransform.h': No such file or directory
  btConcaveShape.cpp
f:\vs_workspace\game_development_workspace\game_1 - backup_threaded\twitch\sources\bulletphysics\bulletcollision\collisionshapes\btCollisionShape.h(19): fatal error C1083: Cannot open include file: 'LinearMath/btTransform.h': No such file or directory
  btConeShape.cpp
f:\vs_workspace\game_development_workspace\game_1 - backup_threaded\twitch\sources\bulletphysics\bulletcollision\collisionshapes\btCollisionShape.h(19): fatal error C1083: Cannot open include file: 'LinearMath/btTransform.h': No such file or directory
  btConvex2dShape.cpp
f:\vs_workspace\game_development_workspace\game_1 - backup_threaded\twitch\sources\bulletphysics\bulletcollision\collisionshapes\btConvex2dShape.h(19): fatal error C1083: Cannot open include file: 'BulletCollision/CollisionShapes/btConvexShape.h': No such file or directory
  Compiling...
  btConvexHullShape.cpp
f:\vs_workspace\game_development_workspace\game_1 - backup_threaded\twitch\sources\bulletphysics\bulletcollision\collisionshapes\btPolyhedralConvexShape.h(19): fatal error C1083: Cannot open include file: 'LinearMath/btMatrix3x3.h': No such file or directory
  btConvexInternalShape.cpp
f:\vs_workspace\game_development_workspace\game_1 - backup_threaded\twitch\sources\bulletphysics\bulletcollision\collisionshapes\btCollisionShape.h(19): fatal error C1083: Cannot open include file: 'LinearMath/btTransform.h': No such file or directory
  btConvexPointCloudShape.cpp
f:\vs_workspace\game_development_workspace\game_1 - backup_threaded\twitch\sources\bulletphysics\bulletcollision\collisionshapes\btPolyhedralConvexShape.h(19): fatal error C1083: Cannot open include file: 'LinearMath/btMatrix3x3.h': No such file or directory
  btConvexPolyhedron.cpp
f:\vs_workspace\game_development_workspace\game_1 - backup_threaded\twitch\sources\bulletphysics\bulletcollision\collisionshapes\btConvexPolyhedron.h(23): fatal error C1083: Cannot open include file: 'LinearMath/btTransform.h': No such file or directory
  btConvexShape.cpp
f:\vs_workspace\game_development_workspace\game_1 - backup_threaded\twitch\sources\bulletphysics\bulletcollision\collisionshapes\btCollisionShape.h(19): fatal error C1083: Cannot open include file: 'LinearMath/btTransform.h': No such file or directory
  btConvexTriangleMeshShape.cpp
f:\vs_workspace\game_development_workspace\game_1 - backup_threaded\twitch\sources\bulletphysics\bulletcollision\collisionshapes\btPolyhedralConvexShape.h(19): fatal error C1083: Cannot open include file: 'LinearMath/btMatrix3x3.h': No such file or directory
  btCylinderShape.cpp
f:\vs_workspace\game_development_workspace\game_1 - backup_threaded\twitch\sources\bulletphysics\bulletcollision\collisionshapes\btPolyhedralConvexShape.h(19): fatal error C1083: Cannot open include file: 'LinearMath/btMatrix3x3.h': No such file or directory
  btEmptyShape.cpp
f:\vs_workspace\game_development_workspace\game_1 - backup_threaded\twitch\sources\bulletphysics\bulletcollision\collisionshapes\btCollisionShape.h(19): fatal error C1083: Cannot open include file: 'LinearMath/btTransform.h': No such file or directory
  btHeightfieldTerrainShape.cpp
f:\vs_workspace\game_development_workspace\game_1 - backup_threaded\twitch\sources\bulletphysics\bulletcollision\collisionshapes\btCollisionShape.h(19): fatal error C1083: Cannot open include file: 'LinearMath/btTransform.h': No such file or directory
  btMinkowskiSumShape.cpp
f:\vs_workspace\game_development_workspace\game_1 - backup_threaded\twitch\sources\bulletphysics\bulletcollision\collisionshapes\btCollisionShape.h(19): fatal error C1083: Cannot open include file: 'LinearMath/btTransform.h': No such file or directory
  btMultimaterialTriangleMeshShape.cpp
sources\BulletPhysics\BulletCollision\CollisionShapes\btMultimaterialTriangleMeshShape.cpp(18): fatal error C1083: Cannot open include file: 'BulletCollision/CollisionShapes/btMultimaterialTriangleMeshShape.h': No such file or directory
  btMultiSphereShape.cpp
f:\vs_workspace\game_development_workspace\game_1 - backup_threaded\twitch\sources\bulletphysics\bulletcollision\collisionshapes\btCollisionShape.h(19): fatal error C1083: Cannot open include file: 'LinearMath/btTransform.h': No such file or directory
  btOptimizedBvh.cpp
f:\vs_workspace\game_development_workspace\game_1 - backup_threaded\twitch\sources\bulletphysics\bulletcollision\collisionshapes\btOptimizedBvh.h(21): fatal error C1083: Cannot open include file: 'BulletCollision/BroadphaseCollision/btQuantizedBvh.h': No such file or directory
  btPolyhedralConvexShape.cpp
sources\BulletPhysics\BulletCollision\CollisionShapes\btPolyhedralConvexShape.cpp(19): fatal error C1083: Cannot open include file: 'BulletCollision/CollisionShapes/btPolyhedralConvexShape.h': No such file or directory
  btScaledBvhTriangleMeshShape.cpp
f:\vs_workspace\game_development_workspace\game_1 - backup_threaded\twitch\sources\bulletphysics\bulletcollision\collisionshapes\btScaledBvhTriangleMeshShape.h(19): fatal error C1083: Cannot open include file: 'BulletCollision/CollisionShapes/btBvhTriangleMeshShape.h': No such file or directory
  btShapeHull.cpp
f:\vs_workspace\game_development_workspace\game_1 - backup_threaded\twitch\sources\bulletphysics\bulletcollision\collisionshapes\btShapeHull.h(21): fatal error C1083: Cannot open include file: 'LinearMath/btAlignedObjectArray.h': No such file or directory
  btSphereShape.cpp
f:\vs_workspace\game_development_workspace\game_1 - backup_threaded\twitch\sources\bulletphysics\bulletcollision\collisionshapes\btCollisionShape.h(19): fatal error C1083: Cannot open include file: 'LinearMath/btTransform.h': No such file or directory
  btStaticPlaneShape.cpp
f:\vs_workspace\game_development_workspace\game_1 - backup_threaded\twitch\sources\bulletphysics\bulletcollision\collisionshapes\btCollisionShape.h(19): fatal error C1083: Cannot open include file: 'LinearMath/btTransform.h': No such file or directory
  btStridingMeshInterface.cpp
f:\vs_workspace\game_development_workspace\game_1 - backup_threaded\twitch\sources\bulletphysics\bulletcollision\collisionshapes\btStridingMeshInterface.h(19): fatal error C1083: Cannot open include file: 'LinearMath/btVector3.h': No such file or directory
  btTetrahedronShape.cpp
f:\vs_workspace\game_development_workspace\game_1 - backup_threaded\twitch\sources\bulletphysics\bulletcollision\collisionshapes\btPolyhedralConvexShape.h(19): fatal error C1083: Cannot open include file: 'LinearMath/btMatrix3x3.h': No such file or directory
  Compiling...
  btTriangleBuffer.cpp
f:\vs_workspace\game_development_workspace\game_1 - backup_threaded\twitch\sources\bulletphysics\bulletcollision\collisionshapes\btTriangleCallback.h(19): fatal error C1083: Cannot open include file: 'LinearMath/btVector3.h': No such file or directory
  btTriangleCallback.cpp
f:\vs_workspace\game_development_workspace\game_1 - backup_threaded\twitch\sources\bulletphysics\bulletcollision\collisionshapes\btTriangleCallback.h(19): fatal error C1083: Cannot open include file: 'LinearMath/btVector3.h': No such file or directory
  btTriangleIndexVertexArray.cpp
f:\vs_workspace\game_development_workspace\game_1 - backup_threaded\twitch\sources\bulletphysics\bulletcollision\collisionshapes\btStridingMeshInterface.h(19): fatal error C1083: Cannot open include file: 'LinearMath/btVector3.h': No such file or directory
  btTriangleIndexVertexMaterialArray.cpp
f:\vs_workspace\game_development_workspace\game_1 - backup_threaded\twitch\sources\bulletphysics\bulletcollision\collisionshapes\btStridingMeshInterface.h(19): fatal error C1083: Cannot open include file: 'LinearMath/btVector3.h': No such file or directory
  btTriangleMesh.cpp
f:\vs_workspace\game_development_workspace\game_1 - backup_threaded\twitch\sources\bulletphysics\bulletcollision\collisionshapes\btStridingMeshInterface.h(19): fatal error C1083: Cannot open include file: 'LinearMath/btVector3.h': No such file or directory
  btTriangleMeshShape.cpp
f:\vs_workspace\game_development_workspace\game_1 - backup_threaded\twitch\sources\bulletphysics\bulletcollision\collisionshapes\btCollisionShape.h(19): fatal error C1083: Cannot open include file: 'LinearMath/btTransform.h': No such file or directory
  btUniformScalingShape.cpp
f:\vs_workspace\game_development_workspace\game_1 - backup_threaded\twitch\sources\bulletphysics\bulletcollision\collisionshapes\btCollisionShape.h(19): fatal error C1083: Cannot open include file: 'LinearMath/btTransform.h': No such file or directory
  btContactProcessing.cpp
f:\vs_workspace\game_development_workspace\game_1 - backup_threaded\twitch\sources\bulletphysics\bulletcollision\gimpact\btContactProcessing.h(27): fatal error C1083: Cannot open include file: 'LinearMath/btTransform.h': No such file or directory
  btGenericPoolAllocator.cpp
f:\vs_workspace\game_development_workspace\game_1 - backup_threaded\twitch\sources\bulletphysics\bulletcollision\gimpact\btGenericPoolAllocator.h(27): fatal error C1083: Cannot open include file: 'LinearMath/btAlignedAllocator.h': No such file or directory
  btGImpactBvh.cpp
f:\vs_workspace\game_development_workspace\game_1 - backup_threaded\twitch\sources\bulletphysics\bulletcollision\gimpact\btGImpactBvh.h(28): fatal error C1083: Cannot open include file: 'LinearMath/btAlignedObjectArray.h': No such file or directory
  btGImpactCollisionAlgorithm.cpp
sources\BulletPhysics\BulletCollision\Gimpact\btGImpactCollisionAlgorithm.cpp(26): fatal error C1083: Cannot open include file: 'BulletCollision/CollisionDispatch/btManifoldResult.h': No such file or directory
  btGImpactQuantizedBvh.cpp
f:\vs_workspace\game_development_workspace\game_1 - backup_threaded\twitch\sources\bulletphysics\bulletcollision\gimpact\btGImpactBvh.h(28): fatal error C1083: Cannot open include file: 'LinearMath/btAlignedObjectArray.h': No such file or directory
  btGImpactShape.cpp
f:\vs_workspace\game_development_workspace\game_1 - backup_threaded\twitch\sources\bulletphysics\bulletcollision\gimpact\btGImpactShape.h(28): fatal error C1083: Cannot open include file: 'BulletCollision/CollisionShapes/btCollisionShape.h': No such file or directory
  btTriangleShapeEx.cpp
f:\vs_workspace\game_development_workspace\game_1 - backup_threaded\twitch\sources\bulletphysics\bulletcollision\gimpact\btTriangleShapeEx.h(28): fatal error C1083: Cannot open include file: 'BulletCollision/CollisionShapes/btCollisionShape.h': No such file or directory
  gim_box_set.cpp
f:\vs_workspace\game_development_workspace\game_1 - backup_threaded\twitch\sources\bulletphysics\bulletcollision\gimpact\gim_math.h(35): fatal error C1083: Cannot open include file: 'LinearMath/btScalar.h': No such file or directory
  gim_contact.cpp
f:\vs_workspace\game_development_workspace\game_1 - backup_threaded\twitch\sources\bulletphysics\bulletcollision\gimpact\gim_math.h(35): fatal error C1083: Cannot open include file: 'LinearMath/btScalar.h': No such file or directory
  gim_memory.cpp
f:\vs_workspace\game_development_workspace\game_1 - backup_threaded\twitch\sources\bulletphysics\bulletcollision\gimpact\gim_math.h(35): fatal error C1083: Cannot open include file: 'LinearMath/btScalar.h': No such file or directory
  gim_tri_collision.cpp
f:\vs_workspace\game_development_workspace\game_1 - backup_threaded\twitch\sources\bulletphysics\bulletcollision\gimpact\gim_math.h(35): fatal error C1083: Cannot open include file: 'LinearMath/btScalar.h': No such file or directory
  btContinuousConvexCollision.cpp
f:\vs_workspace\game_development_workspace\game_1 - backup_threaded\twitch\sources\bulletphysics\bulletcollision\narrowphasecollision\btConvexCast.h(20): fatal error C1083: Cannot open include file: 'LinearMath/btTransform.h': No such file or directory
  btConvexCast.cpp
f:\vs_workspace\game_development_workspace\game_1 - backup_threaded\twitch\sources\bulletphysics\bulletcollision\narrowphasecollision\btConvexCast.h(20): fatal error C1083: Cannot open include file: 'LinearMath/btTransform.h': No such file or directory
  Compiling...
  btGjkConvexCast.cpp
f:\vs_workspace\game_development_workspace\game_1 - backup_threaded\twitch\sources\bulletphysics\bulletcollision\narrowphasecollision\btGjkConvexCast.h(21): fatal error C1083: Cannot open include file: 'BulletCollision/CollisionShapes/btCollisionMargin.h': No such file or directory
  btGjkEpa2.cpp
sources\BulletPhysics\BulletCollision\NarrowPhaseCollision\btGjkEpa2.cpp(25): fatal error C1083: Cannot open include file: 'BulletCollision/CollisionShapes/btConvexInternalShape.h': No such file or directory
  btGjkEpaPenetrationDepthSolver.cpp
sources\BulletPhysics\BulletCollision\NarrowPhaseCollision\btGjkEpaPenetrationDepthSolver.cpp(18): fatal error C1083: Cannot open include file: 'BulletCollision/CollisionShapes/btConvexShape.h': No such file or directory
  btGjkPairDetector.cpp
f:\vs_workspace\game_development_workspace\game_1 - backup_threaded\twitch\sources\bulletphysics\bulletcollision\narrowphasecollision\btDiscreteCollisionDetectorInterface.h(20): fatal error C1083: Cannot open include file: 'LinearMath/btTransform.h': No such file or directory
  btMinkowskiPenetrationDepthSolver.cpp
f:\vs_workspace\game_development_workspace\game_1 - backup_threaded\twitch\sources\bulletphysics\bulletcollision\narrowphasecollision\btSimplexSolverInterface.h(21): fatal error C1083: Cannot open include file: 'LinearMath/btVector3.h': No such file or directory
  btPersistentManifold.cpp
f:\vs_workspace\game_development_workspace\game_1 - backup_threaded\twitch\sources\bulletphysics\bulletcollision\narrowphasecollision\btPersistentManifold.h(20): fatal error C1083: Cannot open include file: 'LinearMath/btVector3.h': No such file or directory
  btPolyhedralContactClipping.cpp
f:\vs_workspace\game_development_workspace\game_1 - backup_threaded\twitch\sources\bulletphysics\bulletcollision\narrowphasecollision\btPolyhedralContactClipping.h(24): fatal error C1083: Cannot open include file: 'LinearMath/btAlignedObjectArray.h': No such file or directory
  btRaycastCallback.cpp
sources\BulletPhysics\BulletCollision\NarrowPhaseCollision\btRaycastCallback.cpp(18): fatal error C1083: Cannot open include file: 'BulletCollision/CollisionShapes/btConvexShape.h': No such file or directory
  btSubSimplexConvexCast.cpp
f:\vs_workspace\game_development_workspace\game_1 - backup_threaded\twitch\sources\bulletphysics\bulletcollision\narrowphasecollision\btConvexCast.h(20): fatal error C1083: Cannot open include file: 'LinearMath/btTransform.h': No such file or directory
  btVoronoiSimplexSolver.cpp
f:\vs_workspace\game_development_workspace\game_1 - backup_threaded\twitch\sources\bulletphysics\bulletcollision\narrowphasecollision\btSimplexSolverInterface.h(21): fatal error C1083: Cannot open include file: 'LinearMath/btVector3.h': No such file or directory
  btKinematicCharacterController.cpp
sources\BulletPhysics\BulletDynamics\Character\btKinematicCharacterController.cpp(18): fatal error C1083: Cannot open include file: 'LinearMath/btIDebugDraw.h': No such file or directory
  btConeTwistConstraint.cpp
f:\vs_workspace\game_development_workspace\game_1 - backup_threaded\twitch\sources\bulletphysics\bulletdynamics\constraintsolver\btConeTwistConstraint.h(39): fatal error C1083: Cannot open include file: 'LinearMath/btVector3.h': No such file or directory
  btContactConstraint.cpp
f:\vs_workspace\game_development_workspace\game_1 - backup_threaded\twitch\sources\bulletphysics\bulletdynamics\constraintsolver\btContactConstraint.h(19): fatal error C1083: Cannot open include file: 'LinearMath/btVector3.h': No such file or directory
  btFixedConstraint.cpp
f:\vs_workspace\game_development_workspace\game_1 - backup_threaded\twitch\sources\bulletphysics\bulletdynamics\constraintsolver\btGeneric6DofSpring2Constraint.h(44): fatal error C1083: Cannot open include file: 'LinearMath/btVector3.h': No such file or directory
  btGearConstraint.cpp
f:\vs_workspace\game_development_workspace\game_1 - backup_threaded\twitch\sources\bulletphysics\bulletdynamics\constraintsolver\btGearConstraint.h(21): fatal error C1083: Cannot open include file: 'BulletDynamics/ConstraintSolver/btTypedConstraint.h': No such file or directory
  btGeneric6DofConstraint.cpp
f:\vs_workspace\game_development_workspace\game_1 - backup_threaded\twitch\sources\bulletphysics\bulletdynamics\constraintsolver\btGeneric6DofConstraint.h(30): fatal error C1083: Cannot open include file: 'LinearMath/btVector3.h': No such file or directory
  btGeneric6DofSpring2Constraint.cpp
f:\vs_workspace\game_development_workspace\game_1 - backup_threaded\twitch\sources\bulletphysics\bulletdynamics\constraintsolver\btGeneric6DofSpring2Constraint.h(44): fatal error C1083: Cannot open include file: 'LinearMath/btVector3.h': No such file or directory
  btGeneric6DofSpringConstraint.cpp
f:\vs_workspace\game_development_workspace\game_1 - backup_threaded\twitch\sources\bulletphysics\bulletdynamics\constraintsolver\btGeneric6DofSpringConstraint.h(20): fatal error C1083: Cannot open include file: 'LinearMath/btVector3.h': No such file or directory
  btHinge2Constraint.cpp
f:\vs_workspace\game_development_workspace\game_1 - backup_threaded\twitch\sources\bulletphysics\bulletdynamics\constraintsolver\btHinge2Constraint.h(21): fatal error C1083: Cannot open include file: 'LinearMath/btVector3.h': No such file or directory
  btHingeConstraint.cpp
f:\vs_workspace\game_development_workspace\game_1 - backup_threaded\twitch\sources\bulletphysics\bulletdynamics\constraintsolver\btHingeConstraint.h(24): fatal error C1083: Cannot open include file: 'LinearMath/btVector3.h': No such file or directory
  Compiling...
  btNNCGConstraintSolver.cpp
f:\vs_workspace\game_development_workspace\game_1 - backup_threaded\twitch\sources\bulletphysics\bulletdynamics\constraintsolver\btSequentialImpulseConstraintSolver.h(23): fatal error C1083: Cannot open include file: 'BulletDynamics/ConstraintSolver/btTypedConstraint.h': No such file or directory
  btPoint2PointConstraint.cpp
f:\vs_workspace\game_development_workspace\game_1 - backup_threaded\twitch\sources\bulletphysics\bulletdynamics\constraintsolver\btPoint2PointConstraint.h(19): fatal error C1083: Cannot open include file: 'LinearMath/btVector3.h': No such file or directory
  btSequentialImpulseConstraintSolver.cpp
f:\vs_workspace\game_development_workspace\game_1 - backup_threaded\twitch\sources\bulletphysics\bulletdynamics\constraintsolver\btSequentialImpulseConstraintSolver.h(23): fatal error C1083: Cannot open include file: 'BulletDynamics/ConstraintSolver/btTypedConstraint.h': No such file or directory
  btSliderConstraint.cpp
f:\vs_workspace\game_development_workspace\game_1 - backup_threaded\twitch\sources\bulletphysics\bulletdynamics\constraintsolver\btSliderConstraint.h(28): fatal error C1083: Cannot open include file: 'LinearMath/btScalar.h': No such file or directory
  btSolve2LinearConstraint.cpp
f:\vs_workspace\game_development_workspace\game_1 - backup_threaded\twitch\sources\bulletphysics\bulletdynamics\constraintsolver\btSolve2LinearConstraint.h(19): fatal error C1083: Cannot open include file: 'LinearMath/btMatrix3x3.h': No such file or directory
  btTypedConstraint.cpp
f:\vs_workspace\game_development_workspace\game_1 - backup_threaded\twitch\sources\bulletphysics\bulletdynamics\constraintsolver\btTypedConstraint.h(20): fatal error C1083: Cannot open include file: 'LinearMath/btScalar.h': No such file or directory
  btUniversalConstraint.cpp
f:\vs_workspace\game_development_workspace\game_1 - backup_threaded\twitch\sources\bulletphysics\bulletdynamics\constraintsolver\btUniversalConstraint.h(21): fatal error C1083: Cannot open include file: 'LinearMath/btVector3.h': No such file or directory
  btDiscreteDynamicsWorld.cpp
f:\vs_workspace\game_development_workspace\game_1 - backup_threaded\twitch\sources\bulletphysics\bulletdynamics\dynamics\btDynamicsWorld.h(19): fatal error C1083: Cannot open include file: 'BulletCollision/CollisionDispatch/btCollisionWorld.h': No such file or directory
  btDiscreteDynamicsWorldMt.cpp
f:\vs_workspace\game_development_workspace\game_1 - backup_threaded\twitch\sources\bulletphysics\bulletdynamics\dynamics\btDynamicsWorld.h(19): fatal error C1083: Cannot open include file: 'BulletCollision/CollisionDispatch/btCollisionWorld.h': No such file or directory
  btRigidBody.cpp
f:\vs_workspace\game_development_workspace\game_1 - backup_threaded\twitch\sources\bulletphysics\bulletdynamics\dynamics\btRigidBody.h(19): fatal error C1083: Cannot open include file: 'LinearMath/btAlignedObjectArray.h': No such file or directory
  btSimpleDynamicsWorld.cpp
f:\vs_workspace\game_development_workspace\game_1 - backup_threaded\twitch\sources\bulletphysics\bulletdynamics\dynamics\btDynamicsWorld.h(19): fatal error C1083: Cannot open include file: 'BulletCollision/CollisionDispatch/btCollisionWorld.h': No such file or directory
  btSimulationIslandManagerMt.cpp
sources\BulletPhysics\BulletDynamics\Dynamics\btSimulationIslandManagerMt.cpp(17): fatal error C1083: Cannot open include file: 'LinearMath/btScalar.h': No such file or directory
  btMultiBody.cpp
f:\vs_workspace\game_development_workspace\game_1 - backup_threaded\twitch\sources\bulletphysics\bulletdynamics\featherstone\btMultiBody.h(28): fatal error C1083: Cannot open include file: 'LinearMath/btScalar.h': No such file or directory
  btMultiBodyConstraint.cpp
f:\vs_workspace\game_development_workspace\game_1 - backup_threaded\twitch\sources\bulletphysics\bulletdynamics\featherstone\btMultiBodyConstraint.h(19): fatal error C1083: Cannot open include file: 'LinearMath/btScalar.h': No such file or directory
  btMultiBodyConstraintSolver.cpp
f:\vs_workspace\game_development_workspace\game_1 - backup_threaded\twitch\sources\bulletphysics\bulletdynamics\featherstone\btMultiBodyConstraintSolver.h(19): fatal error C1083: Cannot open include file: 'BulletDynamics/ConstraintSolver/btSequentialImpulseConstraintSolver.h': No such file or directory
  btMultiBodyDynamicsWorld.cpp
f:\vs_workspace\game_development_workspace\game_1 - backup_threaded\twitch\sources\bulletphysics\bulletdynamics\featherstone\btMultiBodyDynamicsWorld.h(19): fatal error C1083: Cannot open include file: 'BulletDynamics/Dynamics/btDiscreteDynamicsWorld.h': No such file or directory
  btMultiBodyFixedConstraint.cpp
f:\vs_workspace\game_development_workspace\game_1 - backup_threaded\twitch\sources\bulletphysics\bulletdynamics\featherstone\btMultiBodyConstraint.h(19): fatal error C1083: Cannot open include file: 'LinearMath/btScalar.h': No such file or directory
  btMultiBodyJointLimitConstraint.cpp
f:\vs_workspace\game_development_workspace\game_1 - backup_threaded\twitch\sources\bulletphysics\bulletdynamics\featherstone\btMultiBodyConstraint.h(19): fatal error C1083: Cannot open include file: 'LinearMath/btScalar.h': No such file or directory
  btMultiBodyJointMotor.cpp
f:\vs_workspace\game_development_workspace\game_1 - backup_threaded\twitch\sources\bulletphysics\bulletdynamics\featherstone\btMultiBodyConstraint.h(19): fatal error C1083: Cannot open include file: 'LinearMath/btScalar.h': No such file or directory
  btMultiBodyPoint2Point.cpp
f:\vs_workspace\game_development_workspace\game_1 - backup_threaded\twitch\sources\bulletphysics\bulletdynamics\featherstone\btMultiBodyConstraint.h(19): fatal error C1083: Cannot open include file: 'LinearMath/btScalar.h': No such file or directory
  Compiling...
  btMultiBodySliderConstraint.cpp
f:\vs_workspace\game_development_workspace\game_1 - backup_threaded\twitch\sources\bulletphysics\bulletdynamics\featherstone\btMultiBodyConstraint.h(19): fatal error C1083: Cannot open include file: 'LinearMath/btScalar.h': No such file or directory
  btDantzigLCP.cpp
f:\vs_workspace\game_development_workspace\game_1 - backup_threaded\twitch\sources\bulletphysics\bulletdynamics\mlcpsolvers\btDantzigLCP.h(53): fatal error C1083: Cannot open include file: 'LinearMath/btScalar.h': No such file or directory
  btLemkeAlgorithm.cpp
f:\vs_workspace\game_development_workspace\game_1 - backup_threaded\twitch\sources\bulletphysics\bulletdynamics\mlcpsolvers\btLemkeAlgorithm.h(27): fatal error C1083: Cannot open include file: 'LinearMath/btMatrixX.h': No such file or directory
  btMLCPSolver.cpp
f:\vs_workspace\game_development_workspace\game_1 - backup_threaded\twitch\sources\bulletphysics\bulletdynamics\mlcpsolvers\btMLCPSolver.h(20): fatal error C1083: Cannot open include file: 'BulletDynamics/ConstraintSolver/btSequentialImpulseConstraintSolver.h': No such file or directory
  btRaycastVehicle.cpp
sources\BulletPhysics\BulletDynamics\Vehicle\btRaycastVehicle.cpp(12): fatal error C1083: Cannot open include file: 'LinearMath/btVector3.h': No such file or directory
  btWheelInfo.cpp
f:\vs_workspace\game_development_workspace\game_1 - backup_threaded\twitch\sources\bulletphysics\bulletdynamics\vehicle\btWheelInfo.h(14): fatal error C1083: Cannot open include file: 'LinearMath/btVector3.h': No such file or directory
  MultiBodyTreeImpl.cpp
f:\vs_workspace\game_development_workspace\game_1 - backup_threaded\twitch\sources\bulletphysics\bulletinversedynamics\IDErrorMessages.hpp(9): fatal error C1083: Cannot open include file: 'Bullet3Common/b3Logging.h': No such file or directory
  MultiBodyTreeInitCache.cpp
f:\vs_workspace\game_development_workspace\game_1 - backup_threaded\twitch\sources\bulletphysics\bulletinversedynamics\IDErrorMessages.hpp(9): fatal error C1083: Cannot open include file: 'Bullet3Common/b3Logging.h': No such file or directory
  IDMath.cpp
f:\vs_workspace\game_development_workspace\game_1 - backup_threaded\twitch\sources\bulletphysics\bulletinversedynamics\IDErrorMessages.hpp(9): fatal error C1083: Cannot open include file: 'Bullet3Common/b3Logging.h': No such file or directory
  MultiBodyTree.cpp
f:\vs_workspace\game_development_workspace\game_1 - backup_threaded\twitch\sources\bulletphysics\bulletinversedynamics\IDErrorMessages.hpp(9): fatal error C1083: Cannot open include file: 'Bullet3Common/b3Logging.h': No such file or directory
  btDefaultSoftBodySolver.cpp
sources\BulletPhysics\BulletSoftBody\btDefaultSoftBodySolver.cpp(16): fatal error C1083: Cannot open include file: 'BulletCollision/CollisionShapes/btTriangleIndexVertexArray.h': No such file or directory
  btSoftBody.cpp
f:\vs_workspace\game_development_workspace\game_1 - backup_threaded\twitch\sources\bulletphysics\bulletsoftbody\btSoftBody.h(20): fatal error C1083: Cannot open include file: 'LinearMath/btAlignedObjectArray.h': No such file or directory
  btSoftBodyConcaveCollisionAlgorithm.cpp
f:\vs_workspace\game_development_workspace\game_1 - backup_threaded\twitch\sources\bulletphysics\bulletsoftbody\btSoftBodyConcaveCollisionAlgorithm.h(19): fatal error C1083: Cannot open include file: 'BulletCollision/BroadphaseCollision/btCollisionAlgorithm.h': No such file or directory
  btSoftBodyHelpers.cpp
f:\vs_workspace\game_development_workspace\game_1 - backup_threaded\twitch\sources\bulletphysics\bulletsoftbody\btSoftBody.h(20): fatal error C1083: Cannot open include file: 'LinearMath/btAlignedObjectArray.h': No such file or directory
  btSoftBodyRigidBodyCollisionConfiguration.cpp
f:\vs_workspace\game_development_workspace\game_1 - backup_threaded\twitch\sources\bulletphysics\bulletsoftbody\btSoftBodyRigidBodyCollisionConfiguration.h(19): fatal error C1083: Cannot open include file: 'BulletCollision/CollisionDispatch/btDefaultCollisionConfiguration.h': No such file or directory
  btSoftMultiBodyDynamicsWorld.cpp
f:\vs_workspace\game_development_workspace\game_1 - backup_threaded\twitch\sources\bulletphysics\bulletsoftbody\btSoftMultiBodyDynamicsWorld.h(19): fatal error C1083: Cannot open include file: 'BulletDynamics/Dynamics/btDiscreteDynamicsWorld.h': No such file or directory
  btSoftRigidCollisionAlgorithm.cpp
f:\vs_workspace\game_development_workspace\game_1 - backup_threaded\twitch\sources\bulletphysics\bulletsoftbody\btSoftRigidCollisionAlgorithm.h(19): fatal error C1083: Cannot open include file: 'BulletCollision/BroadphaseCollision/btCollisionAlgorithm.h': No such file or directory
  btSoftRigidDynamicsWorld.cpp
f:\vs_workspace\game_development_workspace\game_1 - backup_threaded\twitch\sources\bulletphysics\bulletsoftbody\btSoftRigidDynamicsWorld.h(19): fatal error C1083: Cannot open include file: 'BulletDynamics/Dynamics/btDiscreteDynamicsWorld.h': No such file or directory
  btSoftSoftCollisionAlgorithm.cpp
f:\vs_workspace\game_development_workspace\game_1 - backup_threaded\twitch\sources\bulletphysics\bulletsoftbody\btSoftSoftCollisionAlgorithm.h(19): fatal error C1083: Cannot open include file: 'BulletCollision/BroadphaseCollision/btCollisionAlgorithm.h': No such file or directory
  btAlignedAllocator.cpp
  Compiling...
  btConvexHull.cpp
  btConvexHullComputer.cpp
  btGeometryUtil.cpp
  btPolarDecomposition.cpp
  btQuickprof.cpp
sources\BulletPhysics\LinearMath\btQuickprof.cpp(221): warning C4244: '*=': conversion from 'double' to 'LONGLONG', possible loss of data
sources\BulletPhysics\LinearMath\btQuickprof.cpp(290): warning C4244: '=': conversion from 'unsigned __int64' to 'unsigned long', possible loss of data
  btSerializer.cpp
  btThreads.cpp
  btVector3.cpp
sources\BulletPhysics\LinearMath\btVector3.cpp(179): warning C4267: '=': conversion from 'size_t' to 'long', possible loss of data
sources\BulletPhysics\LinearMath\btVector3.cpp(184): warning C4267: '-=': conversion from 'size_t' to 'unsigned long', possible loss of data
sources\BulletPhysics\LinearMath\btVector3.cpp(427): warning C4267: '=': conversion from 'size_t' to 'long', possible loss of data
sources\BulletPhysics\LinearMath\btVector3.cpp(564): warning C4267: '=': conversion from 'size_t' to 'long', possible loss of data
sources\BulletPhysics\LinearMath\btVector3.cpp(569): warning C4267: '-=': conversion from 'size_t' to 'unsigned long', possible loss of data
sources\BulletPhysics\LinearMath\btVector3.cpp(815): warning C4267: '=': conversion from 'size_t' to 'long', possible loss of data
  tiny_obj_loader.cc
  Keyboard.cpp
  Mouse.cpp
  Sprite.cpp
  GLM: GLM_MESSAGES is deprecated, use GLM_FORCE_MESSAGES instead
  GLM: Windows platform detected
  GLM: version 0.9.8.3
  GLM: Visual C++ compiler detected
  GLM: 64 bits model
  GLM: SSE2 instruction set
  GLM: C++0x
  GLM: Language extensions enabled
  GLM: GLM_SWIZZLE is deprecated, use GLM_FORCE_SWIZZLE instead
  GLM: Swizzling operators enabled
f:\vs_workspace\game_development_workspace\game_1\twitch\sources\glm\detail\setup.hpp(628): fatal error C1189: #error:  Define GLM_FORCE_DEPTH_ZERO_TO_ONE instead of GLM_DEPTH_ZERO_TO_ONE to use 0 to 1 clip space.
  MoveableBody.cpp
  GLM: GLM_MESSAGES is deprecated, use GLM_FORCE_MESSAGES instead
  GLM: Windows platform detected
  GLM: version 0.9.8.3
  GLM: Visual C++ compiler detected
  GLM: 64 bits model
  GLM: SSE2 instruction set
  GLM: C++0x
  GLM: Language extensions enabled
  GLM: GLM_SWIZZLE is deprecated, use GLM_FORCE_SWIZZLE instead
  GLM: Swizzling operators enabled
f:\vs_workspace\game_development_workspace\game_1\twitch\sources\glm\detail\setup.hpp(628): fatal error C1189: #error:  Define GLM_FORCE_DEPTH_ZERO_TO_ONE instead of GLM_DEPTH_ZERO_TO_ONE to use 0 to 1 clip space.
  PhysicsManager.cpp
  GLM: GLM_MESSAGES is deprecated, use GLM_FORCE_MESSAGES instead
  GLM: Windows platform detected
  GLM: version 0.9.8.3
  GLM: Visual C++ compiler detected
  GLM: 64 bits model
  GLM: SSE2 instruction set
  GLM: C++0x
  GLM: Language extensions enabled
  GLM: GLM_SWIZZLE is deprecated, use GLM_FORCE_SWIZZLE instead
  GLM: Swizzling operators enabled
f:\vs_workspace\game_development_workspace\game_1\twitch\sources\glm\detail\setup.hpp(628): fatal error C1189: #error:  Define GLM_FORCE_DEPTH_ZERO_TO_ONE instead of GLM_DEPTH_ZERO_TO_ONE to use 0 to 1 clip space.
  Resource.cpp
Engine\Resource.cpp(7): warning C4996: 'strcpy': This function or variable may be unsafe. Consider using strcpy_s instead. To disable deprecation, use _CRT_SECURE_NO_WARNINGS. See online help for details.
  C:\Program Files (x86)\Windows Kits\10\Include\10.0.14393.0\ucrt\string.h(129): note: see declaration of 'strcpy'
Engine\Resource.cpp(36): warning C4244: '=': conversion from 'std::streamoff' to 'off_t', possible loss of data
Engine\Resource.cpp(38): warning C4244: '=': conversion from 'std::streamoff' to 'off_t', possible loss of data
  Sound.cpp
f:\vs_workspace\game_development_workspace\game_1 - backup_threaded\twitch\sources\vobris\include\vorbis\codec.h(26): fatal error C1083: Cannot open include file: 'ogg/ogg.h': No such file or directory
  TimeManager.cpp
Engine\TimeManager.cpp(13): warning C4244: 'argument': conversion from 'time_t' to 'unsigned int', possible loss of data
Engine\TimeManager.cpp(27): warning C4244: '=': conversion from 'double' to 'float', possible loss of data
Engine\TimeManager.cpp(28): warning C4244: '=': conversion from 'double' to 'float', possible loss of data
  Configuration.cpp
  Helper.cpp
  Log.cpp
Engine\tools\Log.cpp(19): warning C4996: 'gmtime': This function or variable may be unsafe. Consider using gmtime_s instead. To disable deprecation, use _CRT_SECURE_NO_WARNINGS. See online help for details.
  C:\Program Files (x86)\Windows Kits\10\Include\10.0.14393.0\ucrt\time.h(495): note: see declaration of 'gmtime'
  Compiling...
  Explosion.cpp
  GLM: GLM_MESSAGES is deprecated, use GLM_FORCE_MESSAGES instead
  GLM: Windows platform detected
  GLM: version 0.9.8.3
  GLM: Visual C++ compiler detected
  GLM: 64 bits model
  GLM: SSE2 instruction set
  GLM: C++0x
  GLM: Language extensions enabled
  GLM: GLM_SWIZZLE is deprecated, use GLM_FORCE_SWIZZLE instead
  GLM: Swizzling operators enabled
f:\vs_workspace\game_development_workspace\game_1\twitch\sources\glm\detail\setup.hpp(628): fatal error C1189: #error:  Define GLM_FORCE_DEPTH_ZERO_TO_ONE instead of GLM_DEPTH_ZERO_TO_ONE to use 0 to 1 clip space.
  Sky.cpp
F:\vs_workspace\game_development_workspace\game_1\twitch\sources\../Engine/Graphics/GUI/EventManager.hpp(6): fatal error C1083: Cannot open include file: 'btBulletDynamicsCommon.h': No such file or directory
  Asteroid.cpp
F:\vs_workspace\game_development_workspace\game_1\twitch\sources\../Engine/Graphics/GUI/EventManager.hpp(6): fatal error C1083: Cannot open include file: 'btBulletDynamicsCommon.h': No such file or directory
  BackGround.cpp
F:\vs_workspace\game_development_workspace\game_1\twitch\sources\../Engine/Graphics/GUI/EventManager.hpp(6): fatal error C1083: Cannot open include file: 'btBulletDynamicsCommon.h': No such file or directory
  SpaceShip.cpp
F:\vs_workspace\game_development_workspace\game_1\twitch\sources\../Engine/Graphics/GUI/EventManager.hpp(6): fatal error C1083: Cannot open include file: 'btBulletDynamicsCommon.h': No such file or directory
  SpaceShipGuns.cpp
F:\vs_workspace\game_development_workspace\game_1\twitch\sources\../Engine/Graphics/GUI/EventManager.hpp(6): fatal error C1083: Cannot open include file: 'btBulletDynamicsCommon.h': No such file or directory
  StarField.cpp
F:\vs_workspace\game_development_workspace\game_1\twitch\sources\../Engine/Graphics/GUI/EventManager.hpp(6): fatal error C1083: Cannot open include file: 'btBulletDynamicsCommon.h': No such file or directory
  b2BroadPhase.cpp
  b2CollideCircle.cpp
  b2CollideEdge.cpp
  b2CollidePolygon.cpp
  b2Collision.cpp
  b2Distance.cpp
  b2DynamicTree.cpp
