  main.cpp
  GLM: GLM_MESSAGES is deprecated, use GLM_FORCE_MESSAGES instead
  GLM: Windows platform detected
  GLM: version 0.9.8.3
  GLM: Visual C++ compiler detected
  GLM: 64 bits model
  GLM: SSE2 instruction set
  GLM: C++0x
  GLM: Language extensions enabled
  GLM: GLM_SWIZZLE is deprecated, use GLM_FORCE_SWIZZLE instead
  GLM: Swizzling operators enabled
f:\vs_workspace\game_development_workspace\game_1\twitch\sources\glm\detail\setup.hpp(628): fatal error C1189: #error:  Define GLM_FORCE_DEPTH_ZERO_TO_ONE instead of GLM_DEPTH_ZERO_TO_ONE to use 0 to 1 clip space.
  glm.cpp
  dummy.cpp
  b2Rope.cpp
  b2WheelJoint.cpp
  b2WeldJoint.cpp
  b2RopeJoint.cpp
  b2RevoluteJoint.cpp
  b2PulleyJoint.cpp
  b2PrismaticJoint.cpp
  b2MouseJoint.cpp
  b2MotorJoint.cpp
  b2Joint.cpp
  b2GearJoint.cpp
  b2FrictionJoint.cpp
  b2DistanceJoint.cpp
  b2PolygonContact.cpp
  b2PolygonAndCircleContact.cpp
  b2EdgeAndPolygonContact.cpp
  b2EdgeAndCircleContact.cpp
  Generating Code...
  Compiling...
  b2ContactSolver.cpp
  b2Contact.cpp
  b2CircleContact.cpp
  b2ChainAndPolygonContact.cpp
  b2ChainAndCircleContact.cpp
  b2WorldCallbacks.cpp
  b2World.cpp
  b2Island.cpp
  b2Fixture.cpp
  b2ContactManager.cpp
  b2Body.cpp
  b2Timer.cpp
  b2StackAllocator.cpp
  b2Settings.cpp
  b2Math.cpp
  b2Draw.cpp
  b2BlockAllocator.cpp
  b2PolygonShape.cpp
  b2EdgeShape.cpp
  b2CircleShape.cpp
  Generating Code...
  Compiling...
  b2ChainShape.cpp
  b2TimeOfImpact.cpp
  b2DynamicTree.cpp
  b2Distance.cpp
  b2Collision.cpp
  b2CollidePolygon.cpp
  b2CollideEdge.cpp
  b2CollideCircle.cpp
  b2BroadPhase.cpp
  StarField.cpp
f:\vs_workspace\game_development_workspace\game_1\twitch\engine\graphics\gui\eventmanager.hpp(6): fatal error C1083: Cannot open include file: 'btBulletDynamicsCommon.h': No such file or directory
  SpaceShipGuns.cpp
f:\vs_workspace\game_development_workspace\game_1\twitch\engine\graphics\gui\eventmanager.hpp(6): fatal error C1083: Cannot open include file: 'btBulletDynamicsCommon.h': No such file or directory
  SpaceShip.cpp
f:\vs_workspace\game_development_workspace\game_1\twitch\engine\graphics\gui\eventmanager.hpp(6): fatal error C1083: Cannot open include file: 'btBulletDynamicsCommon.h': No such file or directory
  BackGround.cpp
f:\vs_workspace\game_development_workspace\game_1\twitch\engine\graphics\gui\eventmanager.hpp(6): fatal error C1083: Cannot open include file: 'btBulletDynamicsCommon.h': No such file or directory
  Asteroid.cpp
f:\vs_workspace\game_development_workspace\game_1\twitch\engine\graphics\gui\eventmanager.hpp(6): fatal error C1083: Cannot open include file: 'btBulletDynamicsCommon.h': No such file or directory
  Sky.cpp
f:\vs_workspace\game_development_workspace\game_1\twitch\engine\graphics\gui\eventmanager.hpp(6): fatal error C1083: Cannot open include file: 'btBulletDynamicsCommon.h': No such file or directory
  Explosion.cpp
  GLM: GLM_MESSAGES is deprecated, use GLM_FORCE_MESSAGES instead
  GLM: Windows platform detected
  GLM: version 0.9.8.3
  GLM: Visual C++ compiler detected
  GLM: 64 bits model
  GLM: SSE2 instruction set
  GLM: C++0x
  GLM: Language extensions enabled
  GLM: GLM_SWIZZLE is deprecated, use GLM_FORCE_SWIZZLE instead
  GLM: Swizzling operators enabled
f:\vs_workspace\game_development_workspace\game_1\twitch\sources\glm\detail\setup.hpp(628): fatal error C1189: #error:  Define GLM_FORCE_DEPTH_ZERO_TO_ONE instead of GLM_DEPTH_ZERO_TO_ONE to use 0 to 1 clip space.
  Log.cpp
f:\vs_workspace\game_development_workspace\game_1 - backup_threaded\twitch\engine\tools\log.cpp(19): warning C4996: 'gmtime': This function or variable may be unsafe. Consider using gmtime_s instead. To disable deprecation, use _CRT_SECURE_NO_WARNINGS. See online help for details.
  c:\program files (x86)\windows kits\10\include\10.0.14393.0\ucrt\time.h(495): note: see declaration of 'gmtime'
  Helper.cpp
  Configuration.cpp
  TimeManager.cpp
f:\vs_workspace\game_development_workspace\game_1 - backup_threaded\twitch\engine\timemanager.cpp(13): warning C4244: 'argument': conversion from 'time_t' to 'unsigned int', possible loss of data
f:\vs_workspace\game_development_workspace\game_1 - backup_threaded\twitch\engine\timemanager.cpp(27): warning C4244: '=': conversion from 'double' to 'float', possible loss of data
f:\vs_workspace\game_development_workspace\game_1 - backup_threaded\twitch\engine\timemanager.cpp(28): warning C4244: '=': conversion from 'double' to 'float', possible loss of data
  Generating Code...
  Compiling...
  Sound.cpp
f:\vs_workspace\game_development_workspace\game_1 - backup_threaded\twitch\sources\vobris\include\vorbis\codec.h(26): fatal error C1083: Cannot open include file: 'ogg/ogg.h': No such file or directory
  Resource.cpp
f:\vs_workspace\game_development_workspace\game_1 - backup_threaded\twitch\engine\resource.cpp(7): warning C4996: 'strcpy': This function or variable may be unsafe. Consider using strcpy_s instead. To disable deprecation, use _CRT_SECURE_NO_WARNINGS. See online help for details.
  c:\program files (x86)\windows kits\10\include\10.0.14393.0\ucrt\string.h(129): note: see declaration of 'strcpy'
f:\vs_workspace\game_development_workspace\game_1 - backup_threaded\twitch\engine\resource.cpp(36): warning C4244: '=': conversion from 'std::streamoff' to 'off_t', possible loss of data
f:\vs_workspace\game_development_workspace\game_1 - backup_threaded\twitch\engine\resource.cpp(38): warning C4244: '=': conversion from 'std::streamoff' to 'off_t', possible loss of data
  PhysicsManager.cpp
  GLM: GLM_MESSAGES is deprecated, use GLM_FORCE_MESSAGES instead
  GLM: Windows platform detected
  GLM: version 0.9.8.3
  GLM: Visual C++ compiler detected
  GLM: 64 bits model
  GLM: SSE2 instruction set
  GLM: C++0x
  GLM: Language extensions enabled
  GLM: GLM_SWIZZLE is deprecated, use GLM_FORCE_SWIZZLE instead
  GLM: Swizzling operators enabled
f:\vs_workspace\game_development_workspace\game_1\twitch\sources\glm\detail\setup.hpp(628): fatal error C1189: #error:  Define GLM_FORCE_DEPTH_ZERO_TO_ONE instead of GLM_DEPTH_ZERO_TO_ONE to use 0 to 1 clip space.
  MoveableBody.cpp
  GLM: GLM_MESSAGES is deprecated, use GLM_FORCE_MESSAGES instead
  GLM: Windows platform detected
  GLM: version 0.9.8.3
  GLM: Visual C++ compiler detected
  GLM: 64 bits model
  GLM: SSE2 instruction set
  GLM: C++0x
  GLM: Language extensions enabled
  GLM: GLM_SWIZZLE is deprecated, use GLM_FORCE_SWIZZLE instead
  GLM: Swizzling operators enabled
f:\vs_workspace\game_development_workspace\game_1\twitch\sources\glm\detail\setup.hpp(628): fatal error C1189: #error:  Define GLM_FORCE_DEPTH_ZERO_TO_ONE instead of GLM_DEPTH_ZERO_TO_ONE to use 0 to 1 clip space.
  Sprite.cpp
  GLM: GLM_MESSAGES is deprecated, use GLM_FORCE_MESSAGES instead
  GLM: Windows platform detected
  GLM: version 0.9.8.3
  GLM: Visual C++ compiler detected
  GLM: 64 bits model
  GLM: SSE2 instruction set
  GLM: C++0x
  GLM: Language extensions enabled
  GLM: GLM_SWIZZLE is deprecated, use GLM_FORCE_SWIZZLE instead
  GLM: Swizzling operators enabled
f:\vs_workspace\game_development_workspace\game_1\twitch\sources\glm\detail\setup.hpp(628): fatal error C1189: #error:  Define GLM_FORCE_DEPTH_ZERO_TO_ONE instead of GLM_DEPTH_ZERO_TO_ONE to use 0 to 1 clip space.
  Mouse.cpp
  Keyboard.cpp
  tiny_obj_loader.cc
  btVector3.cpp
f:\vs_workspace\game_development_workspace\game_1 - backup_threaded\twitch\sources\bulletphysics\linearmath\btvector3.cpp(179): warning C4267: '=': conversion from 'size_t' to 'long', possible loss of data
f:\vs_workspace\game_development_workspace\game_1 - backup_threaded\twitch\sources\bulletphysics\linearmath\btvector3.cpp(184): warning C4267: '-=': conversion from 'size_t' to 'unsigned long', possible loss of data
f:\vs_workspace\game_development_workspace\game_1 - backup_threaded\twitch\sources\bulletphysics\linearmath\btvector3.cpp(427): warning C4267: '=': conversion from 'size_t' to 'long', possible loss of data
f:\vs_workspace\game_development_workspace\game_1 - backup_threaded\twitch\sources\bulletphysics\linearmath\btvector3.cpp(564): warning C4267: '=': conversion from 'size_t' to 'long', possible loss of data
f:\vs_workspace\game_development_workspace\game_1 - backup_threaded\twitch\sources\bulletphysics\linearmath\btvector3.cpp(569): warning C4267: '-=': conversion from 'size_t' to 'unsigned long', possible loss of data
f:\vs_workspace\game_development_workspace\game_1 - backup_threaded\twitch\sources\bulletphysics\linearmath\btvector3.cpp(815): warning C4267: '=': conversion from 'size_t' to 'long', possible loss of data
  btThreads.cpp
  btSerializer.cpp
  btQuickprof.cpp
f:\vs_workspace\game_development_workspace\game_1 - backup_threaded\twitch\sources\bulletphysics\linearmath\btquickprof.cpp(221): warning C4244: '*=': conversion from 'double' to 'LONGLONG', possible loss of data
f:\vs_workspace\game_development_workspace\game_1 - backup_threaded\twitch\sources\bulletphysics\linearmath\btquickprof.cpp(290): warning C4244: '=': conversion from 'unsigned __int64' to 'unsigned long', possible loss of data
  btPolarDecomposition.cpp
  btGeometryUtil.cpp
  btConvexHullComputer.cpp
  btConvexHull.cpp
  btAlignedAllocator.cpp
  btSoftSoftCollisionAlgorithm.cpp
f:\vs_workspace\game_development_workspace\game_1 - backup_threaded\twitch\sources\bulletphysics\bulletsoftbody\btsoftsoftcollisionalgorithm.h(19): fatal error C1083: Cannot open include file: 'BulletCollision/BroadphaseCollision/btCollisionAlgorithm.h': No such file or directory
  btSoftRigidDynamicsWorld.cpp
f:\vs_workspace\game_development_workspace\game_1 - backup_threaded\twitch\sources\bulletphysics\bulletsoftbody\btsoftrigiddynamicsworld.h(19): fatal error C1083: Cannot open include file: 'BulletDynamics/Dynamics/btDiscreteDynamicsWorld.h': No such file or directory
  btSoftRigidCollisionAlgorithm.cpp
f:\vs_workspace\game_development_workspace\game_1 - backup_threaded\twitch\sources\bulletphysics\bulletsoftbody\btsoftrigidcollisionalgorithm.h(19): fatal error C1083: Cannot open include file: 'BulletCollision/BroadphaseCollision/btCollisionAlgorithm.h': No such file or directory
  Generating Code...
  Compiling...
  btSoftMultiBodyDynamicsWorld.cpp
f:\vs_workspace\game_development_workspace\game_1 - backup_threaded\twitch\sources\bulletphysics\bulletsoftbody\btsoftmultibodydynamicsworld.h(19): fatal error C1083: Cannot open include file: 'BulletDynamics/Dynamics/btDiscreteDynamicsWorld.h': No such file or directory
  btSoftBodyRigidBodyCollisionConfiguration.cpp
f:\vs_workspace\game_development_workspace\game_1 - backup_threaded\twitch\sources\bulletphysics\bulletsoftbody\btsoftbodyrigidbodycollisionconfiguration.h(19): fatal error C1083: Cannot open include file: 'BulletCollision/CollisionDispatch/btDefaultCollisionConfiguration.h': No such file or directory
  btSoftBodyHelpers.cpp
f:\vs_workspace\game_development_workspace\game_1 - backup_threaded\twitch\sources\bulletphysics\bulletsoftbody\btsoftbody.h(20): fatal error C1083: Cannot open include file: 'LinearMath/btAlignedObjectArray.h': No such file or directory
  btSoftBodyConcaveCollisionAlgorithm.cpp
f:\vs_workspace\game_development_workspace\game_1 - backup_threaded\twitch\sources\bulletphysics\bulletsoftbody\btsoftbodyconcavecollisionalgorithm.h(19): fatal error C1083: Cannot open include file: 'BulletCollision/BroadphaseCollision/btCollisionAlgorithm.h': No such file or directory
  btSoftBody.cpp
f:\vs_workspace\game_development_workspace\game_1 - backup_threaded\twitch\sources\bulletphysics\bulletsoftbody\btsoftbody.h(20): fatal error C1083: Cannot open include file: 'LinearMath/btAlignedObjectArray.h': No such file or directory
  btDefaultSoftBodySolver.cpp
f:\vs_workspace\game_development_workspace\game_1 - backup_threaded\twitch\sources\bulletphysics\bulletsoftbody\btdefaultsoftbodysolver.cpp(16): fatal error C1083: Cannot open include file: 'BulletCollision/CollisionShapes/btTriangleIndexVertexArray.h': No such file or directory
  MultiBodyTree.cpp
f:\vs_workspace\game_development_workspace\game_1 - backup_threaded\twitch\sources\bulletphysics\bulletinversedynamics\iderrormessages.hpp(9): fatal error C1083: Cannot open include file: 'Bullet3Common/b3Logging.h': No such file or directory
  IDMath.cpp
f:\vs_workspace\game_development_workspace\game_1 - backup_threaded\twitch\sources\bulletphysics\bulletinversedynamics\iderrormessages.hpp(9): fatal error C1083: Cannot open include file: 'Bullet3Common/b3Logging.h': No such file or directory
  MultiBodyTreeInitCache.cpp
f:\vs_workspace\game_development_workspace\game_1 - backup_threaded\twitch\sources\bulletphysics\bulletinversedynamics\iderrormessages.hpp(9): fatal error C1083: Cannot open include file: 'Bullet3Common/b3Logging.h': No such file or directory
  MultiBodyTreeImpl.cpp
f:\vs_workspace\game_development_workspace\game_1 - backup_threaded\twitch\sources\bulletphysics\bulletinversedynamics\iderrormessages.hpp(9): fatal error C1083: Cannot open include file: 'Bullet3Common/b3Logging.h': No such file or directory
  btWheelInfo.cpp
f:\vs_workspace\game_development_workspace\game_1 - backup_threaded\twitch\sources\bulletphysics\bulletdynamics\vehicle\btwheelinfo.h(14): fatal error C1083: Cannot open include file: 'LinearMath/btVector3.h': No such file or directory
  btRaycastVehicle.cpp
f:\vs_workspace\game_development_workspace\game_1 - backup_threaded\twitch\sources\bulletphysics\bulletdynamics\vehicle\btraycastvehicle.cpp(12): fatal error C1083: Cannot open include file: 'LinearMath/btVector3.h': No such file or directory
  btMLCPSolver.cpp
f:\vs_workspace\game_development_workspace\game_1 - backup_threaded\twitch\sources\bulletphysics\bulletdynamics\mlcpsolvers\btmlcpsolver.h(20): fatal error C1083: Cannot open include file: 'BulletDynamics/ConstraintSolver/btSequentialImpulseConstraintSolver.h': No such file or directory
  btLemkeAlgorithm.cpp
f:\vs_workspace\game_development_workspace\game_1 - backup_threaded\twitch\sources\bulletphysics\bulletdynamics\mlcpsolvers\btlemkealgorithm.h(27): fatal error C1083: Cannot open include file: 'LinearMath/btMatrixX.h': No such file or directory
  btDantzigLCP.cpp
f:\vs_workspace\game_development_workspace\game_1 - backup_threaded\twitch\sources\bulletphysics\bulletdynamics\mlcpsolvers\btdantziglcp.h(53): fatal error C1083: Cannot open include file: 'LinearMath/btScalar.h': No such file or directory
  btMultiBodySliderConstraint.cpp
f:\vs_workspace\game_development_workspace\game_1 - backup_threaded\twitch\sources\bulletphysics\bulletdynamics\featherstone\btmultibodyconstraint.h(19): fatal error C1083: Cannot open include file: 'LinearMath/btScalar.h': No such file or directory
  btMultiBodyPoint2Point.cpp
f:\vs_workspace\game_development_workspace\game_1 - backup_threaded\twitch\sources\bulletphysics\bulletdynamics\featherstone\btmultibodyconstraint.h(19): fatal error C1083: Cannot open include file: 'LinearMath/btScalar.h': No such file or directory
  btMultiBodyJointMotor.cpp
f:\vs_workspace\game_development_workspace\game_1 - backup_threaded\twitch\sources\bulletphysics\bulletdynamics\featherstone\btmultibodyconstraint.h(19): fatal error C1083: Cannot open include file: 'LinearMath/btScalar.h': No such file or directory
  btMultiBodyJointLimitConstraint.cpp
f:\vs_workspace\game_development_workspace\game_1 - backup_threaded\twitch\sources\bulletphysics\bulletdynamics\featherstone\btmultibodyconstraint.h(19): fatal error C1083: Cannot open include file: 'LinearMath/btScalar.h': No such file or directory
  btMultiBodyFixedConstraint.cpp
f:\vs_workspace\game_development_workspace\game_1 - backup_threaded\twitch\sources\bulletphysics\bulletdynamics\featherstone\btmultibodyconstraint.h(19): fatal error C1083: Cannot open include file: 'LinearMath/btScalar.h': No such file or directory
  Generating Code...
  Compiling...
  btMultiBodyDynamicsWorld.cpp
f:\vs_workspace\game_development_workspace\game_1 - backup_threaded\twitch\sources\bulletphysics\bulletdynamics\featherstone\btmultibodydynamicsworld.h(19): fatal error C1083: Cannot open include file: 'BulletDynamics/Dynamics/btDiscreteDynamicsWorld.h': No such file or directory
  btMultiBodyConstraintSolver.cpp
f:\vs_workspace\game_development_workspace\game_1 - backup_threaded\twitch\sources\bulletphysics\bulletdynamics\featherstone\btmultibodyconstraintsolver.h(19): fatal error C1083: Cannot open include file: 'BulletDynamics/ConstraintSolver/btSequentialImpulseConstraintSolver.h': No such file or directory
  btMultiBodyConstraint.cpp
f:\vs_workspace\game_development_workspace\game_1 - backup_threaded\twitch\sources\bulletphysics\bulletdynamics\featherstone\btmultibodyconstraint.h(19): fatal error C1083: Cannot open include file: 'LinearMath/btScalar.h': No such file or directory
  btMultiBody.cpp
f:\vs_workspace\game_development_workspace\game_1 - backup_threaded\twitch\sources\bulletphysics\bulletdynamics\featherstone\btmultibody.h(28): fatal error C1083: Cannot open include file: 'LinearMath/btScalar.h': No such file or directory
  btSimulationIslandManagerMt.cpp
f:\vs_workspace\game_development_workspace\game_1 - backup_threaded\twitch\sources\bulletphysics\bulletdynamics\dynamics\btsimulationislandmanagermt.cpp(17): fatal error C1083: Cannot open include file: 'LinearMath/btScalar.h': No such file or directory
  btSimpleDynamicsWorld.cpp
f:\vs_workspace\game_development_workspace\game_1 - backup_threaded\twitch\sources\bulletphysics\bulletdynamics\dynamics\btdynamicsworld.h(19): fatal error C1083: Cannot open include file: 'BulletCollision/CollisionDispatch/btCollisionWorld.h': No such file or directory
  btRigidBody.cpp
f:\vs_workspace\game_development_workspace\game_1 - backup_threaded\twitch\sources\bulletphysics\bulletdynamics\dynamics\btrigidbody.h(19): fatal error C1083: Cannot open include file: 'LinearMath/btAlignedObjectArray.h': No such file or directory
  btDiscreteDynamicsWorldMt.cpp
f:\vs_workspace\game_development_workspace\game_1 - backup_threaded\twitch\sources\bulletphysics\bulletdynamics\dynamics\btdynamicsworld.h(19): fatal error C1083: Cannot open include file: 'BulletCollision/CollisionDispatch/btCollisionWorld.h': No such file or directory
  btDiscreteDynamicsWorld.cpp
f:\vs_workspace\game_development_workspace\game_1 - backup_threaded\twitch\sources\bulletphysics\bulletdynamics\dynamics\btdynamicsworld.h(19): fatal error C1083: Cannot open include file: 'BulletCollision/CollisionDispatch/btCollisionWorld.h': No such file or directory
  btUniversalConstraint.cpp
f:\vs_workspace\game_development_workspace\game_1 - backup_threaded\twitch\sources\bulletphysics\bulletdynamics\constraintsolver\btuniversalconstraint.h(21): fatal error C1083: Cannot open include file: 'LinearMath/btVector3.h': No such file or directory
  btTypedConstraint.cpp
f:\vs_workspace\game_development_workspace\game_1 - backup_threaded\twitch\sources\bulletphysics\bulletdynamics\constraintsolver\bttypedconstraint.h(20): fatal error C1083: Cannot open include file: 'LinearMath/btScalar.h': No such file or directory
  btSolve2LinearConstraint.cpp
f:\vs_workspace\game_development_workspace\game_1 - backup_threaded\twitch\sources\bulletphysics\bulletdynamics\constraintsolver\btsolve2linearconstraint.h(19): fatal error C1083: Cannot open include file: 'LinearMath/btMatrix3x3.h': No such file or directory
  btSliderConstraint.cpp
f:\vs_workspace\game_development_workspace\game_1 - backup_threaded\twitch\sources\bulletphysics\bulletdynamics\constraintsolver\btsliderconstraint.h(28): fatal error C1083: Cannot open include file: 'LinearMath/btScalar.h': No such file or directory
  btSequentialImpulseConstraintSolver.cpp
f:\vs_workspace\game_development_workspace\game_1 - backup_threaded\twitch\sources\bulletphysics\bulletdynamics\constraintsolver\btsequentialimpulseconstraintsolver.h(23): fatal error C1083: Cannot open include file: 'BulletDynamics/ConstraintSolver/btTypedConstraint.h': No such file or directory
  btPoint2PointConstraint.cpp
f:\vs_workspace\game_development_workspace\game_1 - backup_threaded\twitch\sources\bulletphysics\bulletdynamics\constraintsolver\btpoint2pointconstraint.h(19): fatal error C1083: Cannot open include file: 'LinearMath/btVector3.h': No such file or directory
  btNNCGConstraintSolver.cpp
f:\vs_workspace\game_development_workspace\game_1 - backup_threaded\twitch\sources\bulletphysics\bulletdynamics\constraintsolver\btsequentialimpulseconstraintsolver.h(23): fatal error C1083: Cannot open include file: 'BulletDynamics/ConstraintSolver/btTypedConstraint.h': No such file or directory
  btHingeConstraint.cpp
f:\vs_workspace\game_development_workspace\game_1 - backup_threaded\twitch\sources\bulletphysics\bulletdynamics\constraintsolver\bthingeconstraint.h(24): fatal error C1083: Cannot open include file: 'LinearMath/btVector3.h': No such file or directory
  btHinge2Constraint.cpp
f:\vs_workspace\game_development_workspace\game_1 - backup_threaded\twitch\sources\bulletphysics\bulletdynamics\constraintsolver\bthinge2constraint.h(21): fatal error C1083: Cannot open include file: 'LinearMath/btVector3.h': No such file or directory
  btGeneric6DofSpringConstraint.cpp
f:\vs_workspace\game_development_workspace\game_1 - backup_threaded\twitch\sources\bulletphysics\bulletdynamics\constraintsolver\btgeneric6dofspringconstraint.h(20): fatal error C1083: Cannot open include file: 'LinearMath/btVector3.h': No such file or directory
  btGeneric6DofSpring2Constraint.cpp
f:\vs_workspace\game_development_workspace\game_1 - backup_threaded\twitch\sources\bulletphysics\bulletdynamics\constraintsolver\btgeneric6dofspring2constraint.h(44): fatal error C1083: Cannot open include file: 'LinearMath/btVector3.h': No such file or directory
  Generating Code...
  Compiling...
  btGeneric6DofConstraint.cpp
f:\vs_workspace\game_development_workspace\game_1 - backup_threaded\twitch\sources\bulletphysics\bulletdynamics\constraintsolver\btgeneric6dofconstraint.h(30): fatal error C1083: Cannot open include file: 'LinearMath/btVector3.h': No such file or directory
  btGearConstraint.cpp
f:\vs_workspace\game_development_workspace\game_1 - backup_threaded\twitch\sources\bulletphysics\bulletdynamics\constraintsolver\btgearconstraint.h(21): fatal error C1083: Cannot open include file: 'BulletDynamics/ConstraintSolver/btTypedConstraint.h': No such file or directory
  btFixedConstraint.cpp
f:\vs_workspace\game_development_workspace\game_1 - backup_threaded\twitch\sources\bulletphysics\bulletdynamics\constraintsolver\btgeneric6dofspring2constraint.h(44): fatal error C1083: Cannot open include file: 'LinearMath/btVector3.h': No such file or directory
  btContactConstraint.cpp
f:\vs_workspace\game_development_workspace\game_1 - backup_threaded\twitch\sources\bulletphysics\bulletdynamics\constraintsolver\btcontactconstraint.h(19): fatal error C1083: Cannot open include file: 'LinearMath/btVector3.h': No such file or directory
  btConeTwistConstraint.cpp
f:\vs_workspace\game_development_workspace\game_1 - backup_threaded\twitch\sources\bulletphysics\bulletdynamics\constraintsolver\btconetwistconstraint.h(39): fatal error C1083: Cannot open include file: 'LinearMath/btVector3.h': No such file or directory
  btKinematicCharacterController.cpp
f:\vs_workspace\game_development_workspace\game_1 - backup_threaded\twitch\sources\bulletphysics\bulletdynamics\character\btkinematiccharactercontroller.cpp(18): fatal error C1083: Cannot open include file: 'LinearMath/btIDebugDraw.h': No such file or directory
  btVoronoiSimplexSolver.cpp
f:\vs_workspace\game_development_workspace\game_1 - backup_threaded\twitch\sources\bulletphysics\bulletcollision\narrowphasecollision\btsimplexsolverinterface.h(21): fatal error C1083: Cannot open include file: 'LinearMath/btVector3.h': No such file or directory
  btSubSimplexConvexCast.cpp
f:\vs_workspace\game_development_workspace\game_1 - backup_threaded\twitch\sources\bulletphysics\bulletcollision\narrowphasecollision\btconvexcast.h(20): fatal error C1083: Cannot open include file: 'LinearMath/btTransform.h': No such file or directory
  btRaycastCallback.cpp
f:\vs_workspace\game_development_workspace\game_1 - backup_threaded\twitch\sources\bulletphysics\bulletcollision\narrowphasecollision\btraycastcallback.cpp(18): fatal error C1083: Cannot open include file: 'BulletCollision/CollisionShapes/btConvexShape.h': No such file or directory
  btPolyhedralContactClipping.cpp
f:\vs_workspace\game_development_workspace\game_1 - backup_threaded\twitch\sources\bulletphysics\bulletcollision\narrowphasecollision\btpolyhedralcontactclipping.h(24): fatal error C1083: Cannot open include file: 'LinearMath/btAlignedObjectArray.h': No such file or directory
  btPersistentManifold.cpp
f:\vs_workspace\game_development_workspace\game_1 - backup_threaded\twitch\sources\bulletphysics\bulletcollision\narrowphasecollision\btpersistentmanifold.h(20): fatal error C1083: Cannot open include file: 'LinearMath/btVector3.h': No such file or directory
  btMinkowskiPenetrationDepthSolver.cpp
f:\vs_workspace\game_development_workspace\game_1 - backup_threaded\twitch\sources\bulletphysics\bulletcollision\narrowphasecollision\btsimplexsolverinterface.h(21): fatal error C1083: Cannot open include file: 'LinearMath/btVector3.h': No such file or directory
  btGjkPairDetector.cpp
f:\vs_workspace\game_development_workspace\game_1 - backup_threaded\twitch\sources\bulletphysics\bulletcollision\narrowphasecollision\btdiscretecollisiondetectorinterface.h(20): fatal error C1083: Cannot open include file: 'LinearMath/btTransform.h': No such file or directory
  btGjkEpaPenetrationDepthSolver.cpp
f:\vs_workspace\game_development_workspace\game_1 - backup_threaded\twitch\sources\bulletphysics\bulletcollision\narrowphasecollision\btgjkepapenetrationdepthsolver.cpp(18): fatal error C1083: Cannot open include file: 'BulletCollision/CollisionShapes/btConvexShape.h': No such file or directory
  btGjkEpa2.cpp
f:\vs_workspace\game_development_workspace\game_1 - backup_threaded\twitch\sources\bulletphysics\bulletcollision\narrowphasecollision\btgjkepa2.cpp(25): fatal error C1083: Cannot open include file: 'BulletCollision/CollisionShapes/btConvexInternalShape.h': No such file or directory
  btGjkConvexCast.cpp
f:\vs_workspace\game_development_workspace\game_1 - backup_threaded\twitch\sources\bulletphysics\bulletcollision\narrowphasecollision\btgjkconvexcast.h(21): fatal error C1083: Cannot open include file: 'BulletCollision/CollisionShapes/btCollisionMargin.h': No such file or directory
  btConvexCast.cpp
f:\vs_workspace\game_development_workspace\game_1 - backup_threaded\twitch\sources\bulletphysics\bulletcollision\narrowphasecollision\btconvexcast.h(20): fatal error C1083: Cannot open include file: 'LinearMath/btTransform.h': No such file or directory
  btContinuousConvexCollision.cpp
f:\vs_workspace\game_development_workspace\game_1 - backup_threaded\twitch\sources\bulletphysics\bulletcollision\narrowphasecollision\btconvexcast.h(20): fatal error C1083: Cannot open include file: 'LinearMath/btTransform.h': No such file or directory
  gim_tri_collision.cpp
f:\vs_workspace\game_development_workspace\game_1 - backup_threaded\twitch\sources\bulletphysics\bulletcollision\gimpact\gim_math.h(35): fatal error C1083: Cannot open include file: 'LinearMath/btScalar.h': No such file or directory
  gim_memory.cpp
f:\vs_workspace\game_development_workspace\game_1 - backup_threaded\twitch\sources\bulletphysics\bulletcollision\gimpact\gim_math.h(35): fatal error C1083: Cannot open include file: 'LinearMath/btScalar.h': No such file or directory
  Generating Code...
  Compiling...
  gim_contact.cpp
f:\vs_workspace\game_development_workspace\game_1 - backup_threaded\twitch\sources\bulletphysics\bulletcollision\gimpact\gim_math.h(35): fatal error C1083: Cannot open include file: 'LinearMath/btScalar.h': No such file or directory
  gim_box_set.cpp
f:\vs_workspace\game_development_workspace\game_1 - backup_threaded\twitch\sources\bulletphysics\bulletcollision\gimpact\gim_math.h(35): fatal error C1083: Cannot open include file: 'LinearMath/btScalar.h': No such file or directory
  btTriangleShapeEx.cpp
f:\vs_workspace\game_development_workspace\game_1 - backup_threaded\twitch\sources\bulletphysics\bulletcollision\gimpact\bttriangleshapeex.h(28): fatal error C1083: Cannot open include file: 'BulletCollision/CollisionShapes/btCollisionShape.h': No such file or directory
  btGImpactShape.cpp
f:\vs_workspace\game_development_workspace\game_1 - backup_threaded\twitch\sources\bulletphysics\bulletcollision\gimpact\btgimpactshape.h(28): fatal error C1083: Cannot open include file: 'BulletCollision/CollisionShapes/btCollisionShape.h': No such file or directory
  btGImpactQuantizedBvh.cpp
f:\vs_workspace\game_development_workspace\game_1 - backup_threaded\twitch\sources\bulletphysics\bulletcollision\gimpact\btgimpactbvh.h(28): fatal error C1083: Cannot open include file: 'LinearMath/btAlignedObjectArray.h': No such file or directory
  btGImpactCollisionAlgorithm.cpp
f:\vs_workspace\game_development_workspace\game_1 - backup_threaded\twitch\sources\bulletphysics\bulletcollision\gimpact\btgimpactcollisionalgorithm.cpp(26): fatal error C1083: Cannot open include file: 'BulletCollision/CollisionDispatch/btManifoldResult.h': No such file or directory
  btGImpactBvh.cpp
f:\vs_workspace\game_development_workspace\game_1 - backup_threaded\twitch\sources\bulletphysics\bulletcollision\gimpact\btgimpactbvh.h(28): fatal error C1083: Cannot open include file: 'LinearMath/btAlignedObjectArray.h': No such file or directory
  btGenericPoolAllocator.cpp
f:\vs_workspace\game_development_workspace\game_1 - backup_threaded\twitch\sources\bulletphysics\bulletcollision\gimpact\btgenericpoolallocator.h(27): fatal error C1083: Cannot open include file: 'LinearMath/btAlignedAllocator.h': No such file or directory
  btContactProcessing.cpp
f:\vs_workspace\game_development_workspace\game_1 - backup_threaded\twitch\sources\bulletphysics\bulletcollision\gimpact\btcontactprocessing.h(27): fatal error C1083: Cannot open include file: 'LinearMath/btTransform.h': No such file or directory
  btUniformScalingShape.cpp
f:\vs_workspace\game_development_workspace\game_1 - backup_threaded\twitch\sources\bulletphysics\bulletcollision\collisionshapes\btcollisionshape.h(19): fatal error C1083: Cannot open include file: 'LinearMath/btTransform.h': No such file or directory
  btTriangleMeshShape.cpp
f:\vs_workspace\game_development_workspace\game_1 - backup_threaded\twitch\sources\bulletphysics\bulletcollision\collisionshapes\btcollisionshape.h(19): fatal error C1083: Cannot open include file: 'LinearMath/btTransform.h': No such file or directory
  btTriangleMesh.cpp
f:\vs_workspace\game_development_workspace\game_1 - backup_threaded\twitch\sources\bulletphysics\bulletcollision\collisionshapes\btstridingmeshinterface.h(19): fatal error C1083: Cannot open include file: 'LinearMath/btVector3.h': No such file or directory
  btTriangleIndexVertexMaterialArray.cpp
f:\vs_workspace\game_development_workspace\game_1 - backup_threaded\twitch\sources\bulletphysics\bulletcollision\collisionshapes\btstridingmeshinterface.h(19): fatal error C1083: Cannot open include file: 'LinearMath/btVector3.h': No such file or directory
  btTriangleIndexVertexArray.cpp
f:\vs_workspace\game_development_workspace\game_1 - backup_threaded\twitch\sources\bulletphysics\bulletcollision\collisionshapes\btstridingmeshinterface.h(19): fatal error C1083: Cannot open include file: 'LinearMath/btVector3.h': No such file or directory
  btTriangleCallback.cpp
f:\vs_workspace\game_development_workspace\game_1 - backup_threaded\twitch\sources\bulletphysics\bulletcollision\collisionshapes\bttrianglecallback.h(19): fatal error C1083: Cannot open include file: 'LinearMath/btVector3.h': No such file or directory
  btTriangleBuffer.cpp
f:\vs_workspace\game_development_workspace\game_1 - backup_threaded\twitch\sources\bulletphysics\bulletcollision\collisionshapes\bttrianglecallback.h(19): fatal error C1083: Cannot open include file: 'LinearMath/btVector3.h': No such file or directory
  btTetrahedronShape.cpp
f:\vs_workspace\game_development_workspace\game_1 - backup_threaded\twitch\sources\bulletphysics\bulletcollision\collisionshapes\btpolyhedralconvexshape.h(19): fatal error C1083: Cannot open include file: 'LinearMath/btMatrix3x3.h': No such file or directory
  btStridingMeshInterface.cpp
f:\vs_workspace\game_development_workspace\game_1 - backup_threaded\twitch\sources\bulletphysics\bulletcollision\collisionshapes\btstridingmeshinterface.h(19): fatal error C1083: Cannot open include file: 'LinearMath/btVector3.h': No such file or directory
  btStaticPlaneShape.cpp
f:\vs_workspace\game_development_workspace\game_1 - backup_threaded\twitch\sources\bulletphysics\bulletcollision\collisionshapes\btcollisionshape.h(19): fatal error C1083: Cannot open include file: 'LinearMath/btTransform.h': No such file or directory
  btSphereShape.cpp
f:\vs_workspace\game_development_workspace\game_1 - backup_threaded\twitch\sources\bulletphysics\bulletcollision\collisionshapes\btcollisionshape.h(19): fatal error C1083: Cannot open include file: 'LinearMath/btTransform.h': No such file or directory
  Generating Code...
  Compiling...
  btShapeHull.cpp
f:\vs_workspace\game_development_workspace\game_1 - backup_threaded\twitch\sources\bulletphysics\bulletcollision\collisionshapes\btshapehull.h(21): fatal error C1083: Cannot open include file: 'LinearMath/btAlignedObjectArray.h': No such file or directory
  btScaledBvhTriangleMeshShape.cpp
f:\vs_workspace\game_development_workspace\game_1 - backup_threaded\twitch\sources\bulletphysics\bulletcollision\collisionshapes\btscaledbvhtrianglemeshshape.h(19): fatal error C1083: Cannot open include file: 'BulletCollision/CollisionShapes/btBvhTriangleMeshShape.h': No such file or directory
  btPolyhedralConvexShape.cpp
f:\vs_workspace\game_development_workspace\game_1 - backup_threaded\twitch\sources\bulletphysics\bulletcollision\collisionshapes\btpolyhedralconvexshape.cpp(19): fatal error C1083: Cannot open include file: 'BulletCollision/CollisionShapes/btPolyhedralConvexShape.h': No such file or directory
  btOptimizedBvh.cpp
f:\vs_workspace\game_development_workspace\game_1 - backup_threaded\twitch\sources\bulletphysics\bulletcollision\collisionshapes\btoptimizedbvh.h(21): fatal error C1083: Cannot open include file: 'BulletCollision/BroadphaseCollision/btQuantizedBvh.h': No such file or directory
  btMultiSphereShape.cpp
f:\vs_workspace\game_development_workspace\game_1 - backup_threaded\twitch\sources\bulletphysics\bulletcollision\collisionshapes\btcollisionshape.h(19): fatal error C1083: Cannot open include file: 'LinearMath/btTransform.h': No such file or directory
  btMultimaterialTriangleMeshShape.cpp
f:\vs_workspace\game_development_workspace\game_1 - backup_threaded\twitch\sources\bulletphysics\bulletcollision\collisionshapes\btmultimaterialtrianglemeshshape.cpp(18): fatal error C1083: Cannot open include file: 'BulletCollision/CollisionShapes/btMultimaterialTriangleMeshShape.h': No such file or directory
  btMinkowskiSumShape.cpp
f:\vs_workspace\game_development_workspace\game_1 - backup_threaded\twitch\sources\bulletphysics\bulletcollision\collisionshapes\btcollisionshape.h(19): fatal error C1083: Cannot open include file: 'LinearMath/btTransform.h': No such file or directory
  btHeightfieldTerrainShape.cpp
f:\vs_workspace\game_development_workspace\game_1 - backup_threaded\twitch\sources\bulletphysics\bulletcollision\collisionshapes\btcollisionshape.h(19): fatal error C1083: Cannot open include file: 'LinearMath/btTransform.h': No such file or directory
  btEmptyShape.cpp
f:\vs_workspace\game_development_workspace\game_1 - backup_threaded\twitch\sources\bulletphysics\bulletcollision\collisionshapes\btcollisionshape.h(19): fatal error C1083: Cannot open include file: 'LinearMath/btTransform.h': No such file or directory
  btCylinderShape.cpp
f:\vs_workspace\game_development_workspace\game_1 - backup_threaded\twitch\sources\bulletphysics\bulletcollision\collisionshapes\btpolyhedralconvexshape.h(19): fatal error C1083: Cannot open include file: 'LinearMath/btMatrix3x3.h': No such file or directory
  btConvexTriangleMeshShape.cpp
f:\vs_workspace\game_development_workspace\game_1 - backup_threaded\twitch\sources\bulletphysics\bulletcollision\collisionshapes\btpolyhedralconvexshape.h(19): fatal error C1083: Cannot open include file: 'LinearMath/btMatrix3x3.h': No such file or directory
  btConvexShape.cpp
f:\vs_workspace\game_development_workspace\game_1 - backup_threaded\twitch\sources\bulletphysics\bulletcollision\collisionshapes\btcollisionshape.h(19): fatal error C1083: Cannot open include file: 'LinearMath/btTransform.h': No such file or directory
  btConvexPolyhedron.cpp
f:\vs_workspace\game_development_workspace\game_1 - backup_threaded\twitch\sources\bulletphysics\bulletcollision\collisionshapes\btconvexpolyhedron.h(23): fatal error C1083: Cannot open include file: 'LinearMath/btTransform.h': No such file or directory
  btConvexPointCloudShape.cpp
f:\vs_workspace\game_development_workspace\game_1 - backup_threaded\twitch\sources\bulletphysics\bulletcollision\collisionshapes\btpolyhedralconvexshape.h(19): fatal error C1083: Cannot open include file: 'LinearMath/btMatrix3x3.h': No such file or directory
  btConvexInternalShape.cpp
f:\vs_workspace\game_development_workspace\game_1 - backup_threaded\twitch\sources\bulletphysics\bulletcollision\collisionshapes\btcollisionshape.h(19): fatal error C1083: Cannot open include file: 'LinearMath/btTransform.h': No such file or directory
  btConvexHullShape.cpp
f:\vs_workspace\game_development_workspace\game_1 - backup_threaded\twitch\sources\bulletphysics\bulletcollision\collisionshapes\btpolyhedralconvexshape.h(19): fatal error C1083: Cannot open include file: 'LinearMath/btMatrix3x3.h': No such file or directory
  btConvex2dShape.cpp
f:\vs_workspace\game_development_workspace\game_1 - backup_threaded\twitch\sources\bulletphysics\bulletcollision\collisionshapes\btconvex2dshape.h(19): fatal error C1083: Cannot open include file: 'BulletCollision/CollisionShapes/btConvexShape.h': No such file or directory
  btConeShape.cpp
f:\vs_workspace\game_development_workspace\game_1 - backup_threaded\twitch\sources\bulletphysics\bulletcollision\collisionshapes\btcollisionshape.h(19): fatal error C1083: Cannot open include file: 'LinearMath/btTransform.h': No such file or directory
  btConcaveShape.cpp
f:\vs_workspace\game_development_workspace\game_1 - backup_threaded\twitch\sources\bulletphysics\bulletcollision\collisionshapes\btcollisionshape.h(19): fatal error C1083: Cannot open include file: 'LinearMath/btTransform.h': No such file or directory
  btCompoundShape.cpp
f:\vs_workspace\game_development_workspace\game_1 - backup_threaded\twitch\sources\bulletphysics\bulletcollision\collisionshapes\btcollisionshape.h(19): fatal error C1083: Cannot open include file: 'LinearMath/btTransform.h': No such file or directory
  Generating Code...
  Compiling...
  btCollisionShape.cpp
f:\vs_workspace\game_development_workspace\game_1 - backup_threaded\twitch\sources\bulletphysics\bulletcollision\collisionshapes\btcollisionshape.cpp(15): fatal error C1083: Cannot open include file: 'BulletCollision/CollisionShapes/btCollisionShape.h': No such file or directory
  btCapsuleShape.cpp
f:\vs_workspace\game_development_workspace\game_1 - backup_threaded\twitch\sources\bulletphysics\bulletcollision\collisionshapes\btcollisionshape.h(19): fatal error C1083: Cannot open include file: 'LinearMath/btTransform.h': No such file or directory
  btBvhTriangleMeshShape.cpp
f:\vs_workspace\game_development_workspace\game_1 - backup_threaded\twitch\sources\bulletphysics\bulletcollision\collisionshapes\btbvhtrianglemeshshape.cpp(18): fatal error C1083: Cannot open include file: 'BulletCollision/CollisionShapes/btBvhTriangleMeshShape.h': No such file or directory
  btBoxShape.cpp
f:\vs_workspace\game_development_workspace\game_1 - backup_threaded\twitch\sources\bulletphysics\bulletcollision\collisionshapes\btpolyhedralconvexshape.h(19): fatal error C1083: Cannot open include file: 'LinearMath/btMatrix3x3.h': No such file or directory
  btBox2dShape.cpp
f:\vs_workspace\game_development_workspace\game_1 - backup_threaded\twitch\sources\bulletphysics\bulletcollision\collisionshapes\btbox2dshape.h(19): fatal error C1083: Cannot open include file: 'BulletCollision/CollisionShapes/btPolyhedralConvexShape.h': No such file or directory
  SphereTriangleDetector.cpp
f:\vs_workspace\game_development_workspace\game_1 - backup_threaded\twitch\sources\bulletphysics\bulletcollision\collisiondispatch\spheretriangledetector.cpp(16): fatal error C1083: Cannot open include file: 'LinearMath/btScalar.h': No such file or directory
  btUnionFind.cpp
f:\vs_workspace\game_development_workspace\game_1 - backup_threaded\twitch\sources\bulletphysics\bulletcollision\collisiondispatch\btunionfind.h(19): fatal error C1083: Cannot open include file: 'LinearMath/btAlignedObjectArray.h': No such file or directory
  btSphereTriangleCollisionAlgorithm.cpp
f:\vs_workspace\game_development_workspace\game_1 - backup_threaded\twitch\sources\bulletphysics\bulletcollision\collisiondispatch\btactivatingcollisionalgorithm.h(19): fatal error C1083: Cannot open include file: 'BulletCollision/BroadphaseCollision/btCollisionAlgorithm.h': No such file or directory
  btSphereSphereCollisionAlgorithm.cpp
f:\vs_workspace\game_development_workspace\game_1 - backup_threaded\twitch\sources\bulletphysics\bulletcollision\collisiondispatch\btactivatingcollisionalgorithm.h(19): fatal error C1083: Cannot open include file: 'BulletCollision/BroadphaseCollision/btCollisionAlgorithm.h': No such file or directory
  btSphereBoxCollisionAlgorithm.cpp
f:\vs_workspace\game_development_workspace\game_1 - backup_threaded\twitch\sources\bulletphysics\bulletcollision\collisiondispatch\btactivatingcollisionalgorithm.h(19): fatal error C1083: Cannot open include file: 'BulletCollision/BroadphaseCollision/btCollisionAlgorithm.h': No such file or directory
  btSimulationIslandManager.cpp
f:\vs_workspace\game_development_workspace\game_1 - backup_threaded\twitch\sources\bulletphysics\bulletcollision\collisiondispatch\btsimulationislandmanager.cpp(18): fatal error C1083: Cannot open include file: 'LinearMath/btScalar.h': No such file or directory
  btManifoldResult.cpp
f:\vs_workspace\game_development_workspace\game_1 - backup_threaded\twitch\sources\bulletphysics\bulletcollision\collisiondispatch\btmanifoldresult.h(23): fatal error C1083: Cannot open include file: 'BulletCollision/NarrowPhaseCollision/btPersistentManifold.h': No such file or directory
  btInternalEdgeUtility.cpp
f:\vs_workspace\game_development_workspace\game_1 - backup_threaded\twitch\sources\bulletphysics\bulletcollision\collisiondispatch\btinternaledgeutility.h(5): fatal error C1083: Cannot open include file: 'LinearMath/btHashMap.h': No such file or directory
  btHashedSimplePairCache.cpp
f:\vs_workspace\game_development_workspace\game_1 - backup_threaded\twitch\sources\bulletphysics\bulletcollision\collisiondispatch\bthashedsimplepaircache.h(21): fatal error C1083: Cannot open include file: 'LinearMath/btAlignedObjectArray.h': No such file or directory
  btGhostObject.cpp
f:\vs_workspace\game_development_workspace\game_1 - backup_threaded\twitch\sources\bulletphysics\bulletcollision\collisiondispatch\btcollisionobject.h(19): fatal error C1083: Cannot open include file: 'LinearMath/btTransform.h': No such file or directory
  btEmptyCollisionAlgorithm.cpp
f:\vs_workspace\game_development_workspace\game_1 - backup_threaded\twitch\sources\bulletphysics\bulletcollision\collisiondispatch\btemptycollisionalgorithm.h(18): fatal error C1083: Cannot open include file: 'BulletCollision/BroadphaseCollision/btCollisionAlgorithm.h': No such file or directory
  btDefaultCollisionConfiguration.cpp
f:\vs_workspace\game_development_workspace\game_1 - backup_threaded\twitch\sources\bulletphysics\bulletcollision\collisiondispatch\btdefaultcollisionconfiguration.cpp(18): fatal error C1083: Cannot open include file: 'BulletCollision/CollisionDispatch/btConvexConvexAlgorithm.h': No such file or directory
  btConvexPlaneCollisionAlgorithm.cpp
f:\vs_workspace\game_development_workspace\game_1 - backup_threaded\twitch\sources\bulletphysics\bulletcollision\collisiondispatch\btconvexplanecollisionalgorithm.h(19): fatal error C1083: Cannot open include file: 'BulletCollision/BroadphaseCollision/btCollisionAlgorithm.h': No such file or directory
  btConvexConvexAlgorithm.cpp
f:\vs_workspace\game_development_workspace\game_1 - backup_threaded\twitch\sources\bulletphysics\bulletcollision\collisiondispatch\btactivatingcollisionalgorithm.h(19): fatal error C1083: Cannot open include file: 'BulletCollision/BroadphaseCollision/btCollisionAlgorithm.h': No such file or directory
  btConvexConcaveCollisionAlgorithm.cpp
f:\vs_workspace\game_development_workspace\game_1 - backup_threaded\twitch\sources\bulletphysics\bulletcollision\collisiondispatch\btactivatingcollisionalgorithm.h(19): fatal error C1083: Cannot open include file: 'BulletCollision/BroadphaseCollision/btCollisionAlgorithm.h': No such file or directory
  Generating Code...
  Compiling...
  btConvex2dConvex2dAlgorithm.cpp
f:\vs_workspace\game_development_workspace\game_1 - backup_threaded\twitch\sources\bulletphysics\bulletcollision\collisiondispatch\btconvex2dconvex2dalgorithm.h(19): fatal error C1083: Cannot open include file: 'BulletCollision/CollisionDispatch/btActivatingCollisionAlgorithm.h': No such file or directory
  btCompoundCompoundCollisionAlgorithm.cpp
f:\vs_workspace\game_development_workspace\game_1 - backup_threaded\twitch\sources\bulletphysics\bulletcollision\collisiondispatch\btactivatingcollisionalgorithm.h(19): fatal error C1083: Cannot open include file: 'BulletCollision/BroadphaseCollision/btCollisionAlgorithm.h': No such file or directory
  btCompoundCollisionAlgorithm.cpp
f:\vs_workspace\game_development_workspace\game_1 - backup_threaded\twitch\sources\bulletphysics\bulletcollision\collisiondispatch\btcompoundcollisionalgorithm.cpp(17): fatal error C1083: Cannot open include file: 'BulletCollision/CollisionDispatch/btCompoundCollisionAlgorithm.h': No such file or directory
  btCollisionWorldImporter.cpp
f:\vs_workspace\game_development_workspace\game_1 - backup_threaded\twitch\sources\bulletphysics\bulletcollision\collisiondispatch\btcollisionworldimporter.h(20): fatal error C1083: Cannot open include file: 'LinearMath/btTransform.h': No such file or directory
  btCollisionWorld.cpp
f:\vs_workspace\game_development_workspace\game_1 - backup_threaded\twitch\sources\bulletphysics\bulletcollision\collisiondispatch\btcollisionworld.h(80): fatal error C1083: Cannot open include file: 'LinearMath/btVector3.h': No such file or directory
  btCollisionObject.cpp
f:\vs_workspace\game_development_workspace\game_1 - backup_threaded\twitch\sources\bulletphysics\bulletcollision\collisiondispatch\btcollisionobject.h(19): fatal error C1083: Cannot open include file: 'LinearMath/btTransform.h': No such file or directory
  btCollisionDispatcher.cpp
f:\vs_workspace\game_development_workspace\game_1 - backup_threaded\twitch\sources\bulletphysics\bulletcollision\collisiondispatch\btcollisiondispatcher.h(19): fatal error C1083: Cannot open include file: 'BulletCollision/BroadphaseCollision/btDispatcher.h': No such file or directory
  btBoxBoxDetector.cpp
f:\vs_workspace\game_development_workspace\game_1 - backup_threaded\twitch\sources\bulletphysics\bulletcollision\collisiondispatch\btboxboxdetector.h(24): fatal error C1083: Cannot open include file: 'BulletCollision/NarrowPhaseCollision/btDiscreteCollisionDetectorInterface.h': No such file or directory
  btBoxBoxCollisionAlgorithm.cpp
f:\vs_workspace\game_development_workspace\game_1 - backup_threaded\twitch\sources\bulletphysics\bulletcollision\collisiondispatch\btactivatingcollisionalgorithm.h(19): fatal error C1083: Cannot open include file: 'BulletCollision/BroadphaseCollision/btCollisionAlgorithm.h': No such file or directory
  btBox2dBox2dCollisionAlgorithm.cpp
f:\vs_workspace\game_development_workspace\game_1 - backup_threaded\twitch\sources\bulletphysics\bulletcollision\collisiondispatch\btbox2dbox2dcollisionalgorithm.h(19): fatal error C1083: Cannot open include file: 'BulletCollision/CollisionDispatch/btActivatingCollisionAlgorithm.h': No such file or directory
  btActivatingCollisionAlgorithm.cpp
f:\vs_workspace\game_development_workspace\game_1 - backup_threaded\twitch\sources\bulletphysics\bulletcollision\collisiondispatch\btactivatingcollisionalgorithm.h(19): fatal error C1083: Cannot open include file: 'BulletCollision/BroadphaseCollision/btCollisionAlgorithm.h': No such file or directory
  btSimpleBroadphase.cpp
f:\vs_workspace\game_development_workspace\game_1 - backup_threaded\twitch\sources\bulletphysics\bulletcollision\broadphasecollision\btbroadphaseproxy.h(19): fatal error C1083: Cannot open include file: 'LinearMath/btScalar.h': No such file or directory
  btQuantizedBvh.cpp
f:\vs_workspace\game_development_workspace\game_1 - backup_threaded\twitch\sources\bulletphysics\bulletcollision\broadphasecollision\btquantizedbvh.h(31): fatal error C1083: Cannot open include file: 'LinearMath/btVector3.h': No such file or directory
  btOverlappingPairCache.cpp
f:\vs_workspace\game_development_workspace\game_1 - backup_threaded\twitch\sources\bulletphysics\bulletcollision\broadphasecollision\btbroadphaseproxy.h(19): fatal error C1083: Cannot open include file: 'LinearMath/btScalar.h': No such file or directory
  btDispatcher.cpp
f:\vs_workspace\game_development_workspace\game_1 - backup_threaded\twitch\sources\bulletphysics\bulletcollision\broadphasecollision\btdispatcher.h(18): fatal error C1083: Cannot open include file: 'LinearMath/btScalar.h': No such file or directory
  btDbvtBroadphase.cpp
f:\vs_workspace\game_development_workspace\game_1 - backup_threaded\twitch\sources\bulletphysics\bulletcollision\broadphasecollision\btdbvtbroadphase.h(20): fatal error C1083: Cannot open include file: 'BulletCollision/BroadphaseCollision/btDbvt.h': No such file or directory
  btDbvt.cpp
f:\vs_workspace\game_development_workspace\game_1 - backup_threaded\twitch\sources\bulletphysics\bulletcollision\broadphasecollision\btdbvt.h(20): fatal error C1083: Cannot open include file: 'LinearMath/btAlignedObjectArray.h': No such file or directory
  btCollisionAlgorithm.cpp
f:\vs_workspace\game_development_workspace\game_1 - backup_threaded\twitch\sources\bulletphysics\bulletcollision\broadphasecollision\btcollisionalgorithm.h(19): fatal error C1083: Cannot open include file: 'LinearMath/btScalar.h': No such file or directory
  btBroadphaseProxy.cpp
f:\vs_workspace\game_development_workspace\game_1 - backup_threaded\twitch\sources\bulletphysics\bulletcollision\broadphasecollision\btbroadphaseproxy.h(19): fatal error C1083: Cannot open include file: 'LinearMath/btScalar.h': No such file or directory
  btAxisSweep3.cpp
f:\vs_workspace\game_development_workspace\game_1 - backup_threaded\twitch\sources\bulletphysics\bulletcollision\broadphasecollision\btaxissweep3.h(22): fatal error C1083: Cannot open include file: 'LinearMath/btVector3.h': No such file or directory
  Generating Code...
  Compiling...
  b3Serializer.cpp
  b3File.cpp
f:\vs_workspace\game_development_workspace\game_1 - backup_threaded\twitch\sources\bulletphysics\bullet3serialize\bullet2fileloader\b3common.h(22): fatal error C1083: Cannot open include file: 'Bullet3Common/b3AlignedObjectArray.h': No such file or directory
  b3DNA.cpp
f:\vs_workspace\game_development_workspace\game_1 - backup_threaded\twitch\sources\bulletphysics\bullet3serialize\bullet2fileloader\b3common.h(22): fatal error C1083: Cannot open include file: 'Bullet3Common/b3AlignedObjectArray.h': No such file or directory
  b3Chunk.cpp
f:\vs_workspace\game_development_workspace\game_1 - backup_threaded\twitch\sources\bulletphysics\bullet3serialize\bullet2fileloader\b3common.h(22): fatal error C1083: Cannot open include file: 'Bullet3Common/b3AlignedObjectArray.h': No such file or directory
  b3BulletFile.cpp
f:\vs_workspace\game_development_workspace\game_1 - backup_threaded\twitch\sources\bulletphysics\bullet3serialize\bullet2fileloader\b3common.h(22): fatal error C1083: Cannot open include file: 'Bullet3Common/b3AlignedObjectArray.h': No such file or directory
  b3Solver.cpp
f:\vs_workspace\game_development_workspace\game_1 - backup_threaded\twitch\sources\bulletphysics\bullet3opencl\rigidbody\b3solver.h(20): fatal error C1083: Cannot open include file: 'Bullet3OpenCL/ParallelPrimitives/b3OpenCLArray.h': No such file or directory
  b3GpuRigidBodyPipeline.cpp
f:\vs_workspace\game_development_workspace\game_1 - backup_threaded\twitch\sources\bulletphysics\bullet3opencl\rigidbody\b3gpurigidbodypipeline.h(19): fatal error C1083: Cannot open include file: 'Bullet3OpenCL/Initialize/b3OpenCLInclude.h': No such file or directory
  b3GpuPgsContactSolver.cpp
f:\vs_workspace\game_development_workspace\game_1 - backup_threaded\twitch\sources\bulletphysics\bullet3opencl\rigidbody\b3gpupgscontactsolver.h(5): fatal error C1083: Cannot open include file: 'Bullet3OpenCL/Initialize/b3OpenCLInclude.h': No such file or directory
  b3GpuPgsConstraintSolver.cpp
f:\vs_workspace\game_development_workspace\game_1 - backup_threaded\twitch\sources\bulletphysics\bullet3opencl\rigidbody\b3gpupgsconstraintsolver.h(25): fatal error C1083: Cannot open include file: 'Bullet3Dynamics/ConstraintSolver/b3TypedConstraint.h': No such file or directory
  b3GpuNarrowPhase.cpp
f:\vs_workspace\game_development_workspace\game_1 - backup_threaded\twitch\sources\bulletphysics\bullet3opencl\rigidbody\b3gpunarrowphase.h(4): fatal error C1083: Cannot open include file: 'Bullet3Collision/NarrowPhaseCollision/shared/b3Collidable.h': No such file or directory
  b3GpuJacobiContactSolver.cpp
f:\vs_workspace\game_development_workspace\game_1 - backup_threaded\twitch\sources\bulletphysics\bullet3opencl\rigidbody\b3gpujacobicontactsolver.h(4): fatal error C1083: Cannot open include file: 'Bullet3OpenCL/Initialize/b3OpenCLInclude.h': No such file or directory
  b3GpuGenericConstraint.cpp
f:\vs_workspace\game_development_workspace\game_1 - backup_threaded\twitch\sources\bulletphysics\bullet3opencl\rigidbody\b3gpugenericconstraint.h(19): fatal error C1083: Cannot open include file: 'Bullet3Common/b3Quaternion.h': No such file or directory
  b3GpuRaycast.cpp
f:\vs_workspace\game_development_workspace\game_1 - backup_threaded\twitch\sources\bulletphysics\bullet3opencl\raycast\b3gpuraycast.h(4): fatal error C1083: Cannot open include file: 'Bullet3Common/b3Vector3.h': No such file or directory
  b3RadixSort32CL.cpp
f:\vs_workspace\game_development_workspace\game_1 - backup_threaded\twitch\sources\bulletphysics\bullet3opencl\parallelprimitives\b3openclarray.h(4): fatal error C1083: Cannot open include file: 'Bullet3Common/b3AlignedObjectArray.h': No such file or directory
  b3PrefixScanFloat4CL.cpp
f:\vs_workspace\game_development_workspace\game_1 - backup_threaded\twitch\sources\bulletphysics\bullet3opencl\parallelprimitives\b3openclarray.h(4): fatal error C1083: Cannot open include file: 'Bullet3Common/b3AlignedObjectArray.h': No such file or directory
  b3PrefixScanCL.cpp
f:\vs_workspace\game_development_workspace\game_1 - backup_threaded\twitch\sources\bulletphysics\bullet3opencl\parallelprimitives\b3openclarray.h(4): fatal error C1083: Cannot open include file: 'Bullet3Common/b3AlignedObjectArray.h': No such file or directory
  b3LauncherCL.cpp
f:\vs_workspace\game_development_workspace\game_1 - backup_threaded\twitch\sources\bulletphysics\bullet3opencl\parallelprimitives\b3openclarray.h(4): fatal error C1083: Cannot open include file: 'Bullet3Common/b3AlignedObjectArray.h': No such file or directory
  b3FillCL.cpp
f:\vs_workspace\game_development_workspace\game_1 - backup_threaded\twitch\sources\bulletphysics\bullet3opencl\parallelprimitives\b3openclarray.h(4): fatal error C1083: Cannot open include file: 'Bullet3Common/b3AlignedObjectArray.h': No such file or directory
  b3BoundSearchCL.cpp
f:\vs_workspace\game_development_workspace\game_1 - backup_threaded\twitch\sources\bulletphysics\bullet3opencl\parallelprimitives\b3openclarray.h(4): fatal error C1083: Cannot open include file: 'Bullet3Common/b3AlignedObjectArray.h': No such file or directory
  b3VoronoiSimplexSolver.cpp
f:\vs_workspace\game_development_workspace\game_1 - backup_threaded\twitch\sources\bulletphysics\bullet3opencl\narrowphasecollision\b3voronoisimplexsolver.h(21): fatal error C1083: Cannot open include file: 'Bullet3Common/b3Vector3.h': No such file or directory
  Generating Code...
  Compiling...
  b3TriangleIndexVertexArray.cpp
f:\vs_workspace\game_development_workspace\game_1 - backup_threaded\twitch\sources\bulletphysics\bullet3opencl\narrowphasecollision\b3stridingmeshinterface.h(19): fatal error C1083: Cannot open include file: 'Bullet3Common/b3Vector3.h': No such file or directory
  b3TriangleCallback.cpp
f:\vs_workspace\game_development_workspace\game_1 - backup_threaded\twitch\sources\bulletphysics\bullet3opencl\narrowphasecollision\b3trianglecallback.h(19): fatal error C1083: Cannot open include file: 'Bullet3Common/b3Vector3.h': No such file or directory
  b3StridingMeshInterface.cpp
f:\vs_workspace\game_development_workspace\game_1 - backup_threaded\twitch\sources\bulletphysics\bullet3opencl\narrowphasecollision\b3stridingmeshinterface.h(19): fatal error C1083: Cannot open include file: 'Bullet3Common/b3Vector3.h': No such file or directory
  b3QuantizedBvh.cpp
f:\vs_workspace\game_development_workspace\game_1 - backup_threaded\twitch\sources\bulletphysics\bullet3opencl\narrowphasecollision\b3quantizedbvh.h(31): fatal error C1083: Cannot open include file: 'Bullet3Common/b3Vector3.h': No such file or directory
  b3OptimizedBvh.cpp
f:\vs_workspace\game_development_workspace\game_1 - backup_threaded\twitch\sources\bulletphysics\bullet3opencl\narrowphasecollision\b3quantizedbvh.h(31): fatal error C1083: Cannot open include file: 'Bullet3Common/b3Vector3.h': No such file or directory
  b3GjkPairDetector.cpp
f:\vs_workspace\game_development_workspace\game_1 - backup_threaded\twitch\sources\bulletphysics\bullet3opencl\narrowphasecollision\b3gjkpairdetector.h(9): fatal error C1083: Cannot open include file: 'Bullet3Common/b3Vector3.h': No such file or directory
  b3GjkEpa.cpp
f:\vs_workspace\game_development_workspace\game_1 - backup_threaded\twitch\sources\bulletphysics\bullet3opencl\narrowphasecollision\b3gjkepa.h(28): fatal error C1083: Cannot open include file: 'Bullet3Common/b3AlignedObjectArray.h': No such file or directory
  b3ConvexHullContact.cpp
f:\vs_workspace\game_development_workspace\game_1 - backup_threaded\twitch\sources\bulletphysics\bullet3opencl\narrowphasecollision\b3convexhullcontact.h(5): fatal error C1083: Cannot open include file: 'Bullet3OpenCL/ParallelPrimitives/b3OpenCLArray.h': No such file or directory
  b3ContactCache.cpp
  b3OpenCLUtils.cpp
f:\vs_workspace\game_development_workspace\game_1 - backup_threaded\twitch\sources\bulletphysics\bullet3opencl\initialize\b3openclutils.cpp(23): fatal error C1083: Cannot open include file: 'Bullet3Common/b3Logging.h': No such file or directory
  b3GpuSapBroadphase.cpp
f:\vs_workspace\game_development_workspace\game_1 - backup_threaded\twitch\sources\bulletphysics\bullet3opencl\broadphasecollision\b3gpusapbroadphase.h(4): fatal error C1083: Cannot open include file: 'Bullet3OpenCL/ParallelPrimitives/b3OpenCLArray.h': No such file or directory
  b3GpuParallelLinearBvhBroadphase.cpp
f:\vs_workspace\game_development_workspace\game_1 - backup_threaded\twitch\sources\bulletphysics\bullet3opencl\broadphasecollision\b3gpuparallellinearbvhbroadphase.h(17): fatal error C1083: Cannot open include file: 'Bullet3OpenCL/BroadphaseCollision/b3GpuBroadphaseInterface.h': No such file or directory
  b3GpuParallelLinearBvh.cpp
f:\vs_workspace\game_development_workspace\game_1 - backup_threaded\twitch\sources\bulletphysics\bullet3opencl\broadphasecollision\b3gpuparallellinearbvh.cpp(14): fatal error C1083: Cannot open include file: 'Bullet3OpenCL/Initialize/b3OpenCLUtils.h': No such file or directory
  b3GpuGridBroadphase.cpp
f:\vs_workspace\game_development_workspace\game_1 - backup_threaded\twitch\sources\bulletphysics\bullet3opencl\broadphasecollision\b3gpubroadphaseinterface.h(5): fatal error C1083: Cannot open include file: 'Bullet3OpenCL/Initialize/b3OpenCLInclude.h': No such file or directory
  b3GeometryUtil.cpp
f:\vs_workspace\game_development_workspace\game_1 - backup_threaded\twitch\sources\bulletphysics\bullet3geometry\b3geometryutil.h(19): fatal error C1083: Cannot open include file: 'Bullet3Common/b3Vector3.h': No such file or directory
  b3ConvexHullComputer.cpp
f:\vs_workspace\game_development_workspace\game_1 - backup_threaded\twitch\sources\bulletphysics\bullet3geometry\b3convexhullcomputer.h(18): fatal error C1083: Cannot open include file: 'Bullet3Common/b3Vector3.h': No such file or directory
  b3TypedConstraint.cpp
f:\vs_workspace\game_development_workspace\game_1 - backup_threaded\twitch\sources\bulletphysics\bullet3dynamics\constraintsolver\b3typedconstraint.h(20): fatal error C1083: Cannot open include file: 'Bullet3Common/b3Scalar.h': No such file or directory
  b3Point2PointConstraint.cpp
f:\vs_workspace\game_development_workspace\game_1 - backup_threaded\twitch\sources\bulletphysics\bullet3dynamics\constraintsolver\b3point2pointconstraint.h(19): fatal error C1083: Cannot open include file: 'Bullet3Common/b3Vector3.h': No such file or directory
  b3PgsJacobiSolver.cpp
f:\vs_workspace\game_development_workspace\game_1 - backup_threaded\twitch\sources\bulletphysics\bullet3dynamics\constraintsolver\b3typedconstraint.h(20): fatal error C1083: Cannot open include file: 'Bullet3Common/b3Scalar.h': No such file or directory
  b3Generic6DofConstraint.cpp
f:\vs_workspace\game_development_workspace\game_1 - backup_threaded\twitch\sources\bulletphysics\bullet3dynamics\constraintsolver\b3generic6dofconstraint.h(30): fatal error C1083: Cannot open include file: 'Bullet3Common/b3Vector3.h': No such file or directory
  Generating Code...
  Compiling...
  b3FixedConstraint.cpp
f:\vs_workspace\game_development_workspace\game_1 - backup_threaded\twitch\sources\bulletphysics\bullet3dynamics\constraintsolver\b3typedconstraint.h(20): fatal error C1083: Cannot open include file: 'Bullet3Common/b3Scalar.h': No such file or directory
  b3CpuRigidBodyPipeline.cpp
f:\vs_workspace\game_development_workspace\game_1 - backup_threaded\twitch\sources\bulletphysics\bullet3dynamics\b3cpurigidbodypipeline.h(21): fatal error C1083: Cannot open include file: 'Bullet3Common/b3AlignedObjectArray.h': No such file or directory
  b3Vector3.cpp
f:\vs_workspace\game_development_workspace\game_1 - backup_threaded\twitch\sources\bulletphysics\bullet3common\b3vector3.cpp(170): warning C4267: '=': conversion from 'size_t' to 'long', possible loss of data
f:\vs_workspace\game_development_workspace\game_1 - backup_threaded\twitch\sources\bulletphysics\bullet3common\b3vector3.cpp(175): warning C4267: '-=': conversion from 'size_t' to 'unsigned long', possible loss of data
f:\vs_workspace\game_development_workspace\game_1 - backup_threaded\twitch\sources\bulletphysics\bullet3common\b3vector3.cpp(418): warning C4267: '=': conversion from 'size_t' to 'long', possible loss of data
f:\vs_workspace\game_development_workspace\game_1 - backup_threaded\twitch\sources\bulletphysics\bullet3common\b3vector3.cpp(556): warning C4267: '=': conversion from 'size_t' to 'long', possible loss of data
f:\vs_workspace\game_development_workspace\game_1 - backup_threaded\twitch\sources\bulletphysics\bullet3common\b3vector3.cpp(561): warning C4267: '-=': conversion from 'size_t' to 'unsigned long', possible loss of data
f:\vs_workspace\game_development_workspace\game_1 - backup_threaded\twitch\sources\bulletphysics\bullet3common\b3vector3.cpp(807): warning C4267: '=': conversion from 'size_t' to 'long', possible loss of data
  b3Logging.cpp
  b3AlignedAllocator.cpp
  b3CpuNarrowPhase.cpp
f:\vs_workspace\game_development_workspace\game_1 - backup_threaded\twitch\sources\bulletphysics\bullet3collision\narrowphasecollision\b3cpunarrowphase.h(4): fatal error C1083: Cannot open include file: 'Bullet3Collision/NarrowPhaseCollision/shared/b3Collidable.h': No such file or directory
  b3ConvexUtility.cpp
f:\vs_workspace\game_development_workspace\game_1 - backup_threaded\twitch\sources\bulletphysics\bullet3collision\narrowphasecollision\b3convexutility.h(20): fatal error C1083: Cannot open include file: 'Bullet3Common/b3AlignedObjectArray.h': No such file or directory
  b3OverlappingPairCache.cpp
f:\vs_workspace\game_development_workspace\game_1 - backup_threaded\twitch\sources\bulletphysics\bullet3collision\broadphasecollision\b3overlappingpaircache.h(19): fatal error C1083: Cannot open include file: 'Bullet3Common/shared/b3Int2.h': No such file or directory
  b3DynamicBvhBroadphase.cpp
f:\vs_workspace\game_development_workspace\game_1 - backup_threaded\twitch\sources\bulletphysics\bullet3collision\broadphasecollision\b3dynamicbvhbroadphase.h(20): fatal error C1083: Cannot open include file: 'Bullet3Collision/BroadPhaseCollision/b3DynamicBvh.h': No such file or directory
  b3DynamicBvh.cpp
f:\vs_workspace\game_development_workspace\game_1 - backup_threaded\twitch\sources\bulletphysics\bullet3collision\broadphasecollision\b3dynamicbvh.h(20): fatal error C1083: Cannot open include file: 'Bullet3Common/b3AlignedObjectArray.h': No such file or directory
  StandardShapes.cpp
f:\vs_workspace\game_development_workspace\game_1 - backup_threaded\twitch\sources\asimp\include\standardshapes.h(47): fatal error C1083: Cannot open include file: 'assimp/scene.h': No such file or directory
  Task.cpp
f:\vs_workspace\game_development_workspace\game_1 - backup_threaded\twitch\os\task.cpp(17): warning C4244: 'argument': conversion from 'volatile double' to 'unsigned long', possible loss of data
f:\vs_workspace\game_development_workspace\game_1 - backup_threaded\twitch\os\task.cpp(17): warning C4996: '_sleep': This function or variable has been superceded by newer library or operating system functionality. Consider using Sleep instead. See online help for details.
  c:\program files (x86)\windows kits\10\include\10.0.14393.0\ucrt\stdlib.h(1271): note: see declaration of '_sleep'
  Scheduler.cpp
  Planet.cpp
f:\vs_workspace\game_development_workspace\game_1\twitch\engine\graphics\gui\eventmanager.hpp(6): fatal error C1083: Cannot open include file: 'btBulletDynamicsCommon.h': No such file or directory
  quaternion_utils.cpp
  objloader.cpp
f:\vs_workspace\game_development_workspace\game_1 - backup_threaded\twitch\engine\tools\objloader.cpp(11): fatal error C1083: Cannot open include file: 'StandardShapes.h': No such file or directory
  SoundQueue.cpp
f:\vs_workspace\game_development_workspace\game_1 - backup_threaded\twitch\engine\sound\sound.hpp(3): fatal error C1083: Cannot open include file: 'al.h': No such file or directory
  AudioManager.cpp
  GLM: GLM_MESSAGES is deprecated, use GLM_FORCE_MESSAGES instead
  GLM: Windows platform detected
  GLM: version 0.9.8.3
  GLM: Visual C++ compiler detected
  GLM: 64 bits model
  GLM: SSE2 instruction set
  GLM: C++0x
  GLM: Language extensions enabled
  GLM: GLM_SWIZZLE is deprecated, use GLM_FORCE_SWIZZLE instead
  GLM: Swizzling operators enabled
f:\vs_workspace\game_development_workspace\game_1\twitch\sources\glm\detail\setup.hpp(628): fatal error C1189: #error:  Define GLM_FORCE_DEPTH_ZERO_TO_ONE instead of GLM_DEPTH_ZERO_TO_ONE to use 0 to 1 clip space.
  BulletPhysicsManager.cpp
f:\vs_workspace\game_development_workspace\game_1 - backup_threaded\twitch\engine\physics\bulletphysicsmanager.h(4): fatal error C1083: Cannot open include file: 'btBulletDynamicsCommon.h': No such file or directory
  BulletMoveableBody.cpp
  GLM: GLM_MESSAGES is deprecated, use GLM_FORCE_MESSAGES instead
  GLM: Windows platform detected
  GLM: version 0.9.8.3
  GLM: Visual C++ compiler detected
  GLM: 64 bits model
  GLM: SSE2 instruction set
  GLM: C++0x
  GLM: Language extensions enabled
  GLM: GLM_SWIZZLE is deprecated, use GLM_FORCE_SWIZZLE instead
  GLM: Swizzling operators enabled
f:\vs_workspace\game_development_workspace\game_1\twitch\sources\glm\detail\setup.hpp(628): fatal error C1189: #error:  Define GLM_FORCE_DEPTH_ZERO_TO_ONE instead of GLM_DEPTH_ZERO_TO_ONE to use 0 to 1 clip space.
  Generating Code...
  Compiling...
  MainScreen.cpp
  GLM: GLM_MESSAGES is deprecated, use GLM_FORCE_MESSAGES instead
  GLM: Windows platform detected
  GLM: version 0.9.8.3
  GLM: Visual C++ compiler detected
  GLM: 64 bits model
  GLM: SSE2 instruction set
  GLM: C++0x
  GLM: Language extensions enabled
  GLM: GLM_SWIZZLE is deprecated, use GLM_FORCE_SWIZZLE instead
  GLM: Swizzling operators enabled
f:\vs_workspace\game_development_workspace\game_1\twitch\sources\glm\detail\setup.hpp(628): fatal error C1189: #error:  Define GLM_FORCE_DEPTH_ZERO_TO_ONE instead of GLM_DEPTH_ZERO_TO_ONE to use 0 to 1 clip space.
  InputManager.cpp
  GLM: GLM_MESSAGES is deprecated, use GLM_FORCE_MESSAGES instead
  GLM: Windows platform detected
  GLM: version 0.9.8.3
  GLM: Visual C++ compiler detected
  GLM: 64 bits model
  GLM: SSE2 instruction set
  GLM: C++0x
  GLM: Language extensions enabled
  GLM: GLM_SWIZZLE is deprecated, use GLM_FORCE_SWIZZLE instead
  GLM: Swizzling operators enabled
f:\vs_workspace\game_development_workspace\game_1\twitch\sources\glm\detail\setup.hpp(628): fatal error C1189: #error:  Define GLM_FORCE_DEPTH_ZERO_TO_ONE instead of GLM_DEPTH_ZERO_TO_ONE to use 0 to 1 clip space.
  Text2D.cpp
  GLM: GLM_MESSAGES is deprecated, use GLM_FORCE_MESSAGES instead
  GLM: Windows platform detected
  GLM: version 0.9.8.3
  GLM: Visual C++ compiler detected
  GLM: 64 bits model
  GLM: SSE2 instruction set
  GLM: C++0x
  GLM: Language extensions enabled
  GLM: GLM_SWIZZLE is deprecated, use GLM_FORCE_SWIZZLE instead
  GLM: Swizzling operators enabled
f:\vs_workspace\game_development_workspace\game_1\twitch\sources\glm\detail\setup.hpp(628): fatal error C1189: #error:  Define GLM_FORCE_DEPTH_ZERO_TO_ONE instead of GLM_DEPTH_ZERO_TO_ONE to use 0 to 1 clip space.
  SpriteBatch.cpp
  GLM: GLM_MESSAGES is deprecated, use GLM_FORCE_MESSAGES instead
  GLM: Windows platform detected
  GLM: version 0.9.8.3
  GLM: Visual C++ compiler detected
  GLM: 64 bits model
  GLM: SSE2 instruction set
  GLM: C++0x
  GLM: Language extensions enabled
  GLM: GLM_SWIZZLE is deprecated, use GLM_FORCE_SWIZZLE instead
  GLM: Swizzling operators enabled
f:\vs_workspace\game_development_workspace\game_1\twitch\sources\glm\detail\setup.hpp(628): fatal error C1189: #error:  Define GLM_FORCE_DEPTH_ZERO_TO_ONE instead of GLM_DEPTH_ZERO_TO_ONE to use 0 to 1 clip space.
  Primitives.cpp
f:\vs_workspace\game_development_workspace\game_1\twitch\engine\graphics\gui\eventmanager.hpp(6): fatal error C1083: Cannot open include file: 'btBulletDynamicsCommon.h': No such file or directory
  PlainSprite.cpp
  GLM: GLM_MESSAGES is deprecated, use GLM_FORCE_MESSAGES instead
  GLM: Windows platform detected
  GLM: version 0.9.8.3
  GLM: Visual C++ compiler detected
  GLM: 64 bits model
  GLM: SSE2 instruction set
  GLM: C++0x
  GLM: Language extensions enabled
  GLM: GLM_SWIZZLE is deprecated, use GLM_FORCE_SWIZZLE instead
  GLM: Swizzling operators enabled
f:\vs_workspace\game_development_workspace\game_1\twitch\sources\glm\detail\setup.hpp(628): fatal error C1189: #error:  Define GLM_FORCE_DEPTH_ZERO_TO_ONE instead of GLM_DEPTH_ZERO_TO_ONE to use 0 to 1 clip space.
  Object3D.cpp
  GLM: GLM_MESSAGES is deprecated, use GLM_FORCE_MESSAGES instead
  GLM: Windows platform detected
  GLM: version 0.9.8.3
  GLM: Visual C++ compiler detected
  GLM: 64 bits model
  GLM: SSE2 instruction set
  GLM: C++0x
  GLM: Language extensions enabled
  GLM: GLM_SWIZZLE is deprecated, use GLM_FORCE_SWIZZLE instead
  GLM: Swizzling operators enabled
f:\vs_workspace\game_development_workspace\game_1\twitch\sources\glm\detail\setup.hpp(628): fatal error C1189: #error:  Define GLM_FORCE_DEPTH_ZERO_TO_ONE instead of GLM_DEPTH_ZERO_TO_ONE to use 0 to 1 clip space.
  IntroScreen.cpp
  GLM: GLM_MESSAGES is deprecated, use GLM_FORCE_MESSAGES instead
  GLM: Windows platform detected
  GLM: version 0.9.8.3
  GLM: Visual C++ compiler detected
  GLM: 64 bits model
  GLM: SSE2 instruction set
  GLM: C++0x
  GLM: Language extensions enabled
  GLM: GLM_SWIZZLE is deprecated, use GLM_FORCE_SWIZZLE instead
  GLM: Swizzling operators enabled
f:\vs_workspace\game_development_workspace\game_1\twitch\sources\glm\detail\setup.hpp(628): fatal error C1189: #error:  Define GLM_FORCE_DEPTH_ZERO_TO_ONE instead of GLM_DEPTH_ZERO_TO_ONE to use 0 to 1 clip space.
  GameScreen.cpp
  GLM: GLM_MESSAGES is deprecated, use GLM_FORCE_MESSAGES instead
  GLM: Windows platform detected
  GLM: version 0.9.8.3
  GLM: Visual C++ compiler detected
  GLM: 64 bits model
  GLM: SSE2 instruction set
  GLM: C++0x
  GLM: Language extensions enabled
  GLM: GLM_SWIZZLE is deprecated, use GLM_FORCE_SWIZZLE instead
  GLM: Swizzling operators enabled
f:\vs_workspace\game_development_workspace\game_1\twitch\sources\glm\detail\setup.hpp(628): fatal error C1189: #error:  Define GLM_FORCE_DEPTH_ZERO_TO_ONE instead of GLM_DEPTH_ZERO_TO_ONE to use 0 to 1 clip space.
  Primates.cpp
  GLM: GLM_MESSAGES is deprecated, use GLM_FORCE_MESSAGES instead
  GLM: Windows platform detected
  GLM: version 0.9.8.3
  GLM: Visual C++ compiler detected
  GLM: 64 bits model
  GLM: SSE2 instruction set
  GLM: C++0x
  GLM: Language extensions enabled
  GLM: GLM_SWIZZLE is deprecated, use GLM_FORCE_SWIZZLE instead
  GLM: Swizzling operators enabled
f:\vs_workspace\game_development_workspace\game_1\twitch\sources\glm\detail\setup.hpp(628): fatal error C1189: #error:  Define GLM_FORCE_DEPTH_ZERO_TO_ONE instead of GLM_DEPTH_ZERO_TO_ONE to use 0 to 1 clip space.
  GuiManager.cpp
  GLM: GLM_MESSAGES is deprecated, use GLM_FORCE_MESSAGES instead
  GLM: Windows platform detected
  GLM: version 0.9.8.3
  GLM: Visual C++ compiler detected
  GLM: 64 bits model
  GLM: SSE2 instruction set
  GLM: C++0x
  GLM: Language extensions enabled
  GLM: GLM_SWIZZLE is deprecated, use GLM_FORCE_SWIZZLE instead
  GLM: Swizzling operators enabled
f:\vs_workspace\game_development_workspace\game_1\twitch\sources\glm\detail\setup.hpp(628): fatal error C1189: #error:  Define GLM_FORCE_DEPTH_ZERO_TO_ONE instead of GLM_DEPTH_ZERO_TO_ONE to use 0 to 1 clip space.
  EventManager.cpp
f:\vs_workspace\game_development_workspace\game_1 - backup_threaded\twitch\engine\physics\bulletphysicsmanager.h(4): fatal error C1083: Cannot open include file: 'btBulletDynamicsCommon.h': No such file or directory
  GraphicsManager.cpp
  GLM: GLM_MESSAGES is deprecated, use GLM_FORCE_MESSAGES instead
  GLM: Windows platform detected
  GLM: version 0.9.8.3
  GLM: Visual C++ compiler detected
  GLM: 64 bits model
  GLM: SSE2 instruction set
  GLM: C++0x
  GLM: Language extensions enabled
  GLM: GLM_SWIZZLE is deprecated, use GLM_FORCE_SWIZZLE instead
  GLM: Swizzling operators enabled
f:\vs_workspace\game_development_workspace\game_1\twitch\sources\glm\detail\setup.hpp(628): fatal error C1189: #error:  Define GLM_FORCE_DEPTH_ZERO_TO_ONE instead of GLM_DEPTH_ZERO_TO_ONE to use 0 to 1 clip space.
  Camera2.cpp
f:\vs_workspace\game_development_workspace\game_1\twitch\engine\graphics\gui\eventmanager.hpp(6): fatal error C1083: Cannot open include file: 'btBulletDynamicsCommon.h': No such file or directory
  GameMain.cpp
  GLM: GLM_MESSAGES is deprecated, use GLM_FORCE_MESSAGES instead
  GLM: Windows platform detected
  GLM: version 0.9.8.3
  GLM: Visual C++ compiler detected
  GLM: 64 bits model
  GLM: SSE2 instruction set
  GLM: C++0x
  GLM: Language extensions enabled
  GLM: GLM_SWIZZLE is deprecated, use GLM_FORCE_SWIZZLE instead
  GLM: Swizzling operators enabled
f:\vs_workspace\game_development_workspace\game_1\twitch\sources\glm\detail\setup.hpp(628): fatal error C1189: #error:  Define GLM_FORCE_DEPTH_ZERO_TO_ONE instead of GLM_DEPTH_ZERO_TO_ONE to use 0 to 1 clip space.
  EventLoop.cpp
  Generating Code...
